#options: 400x294 fps=25/1 timebase=1/25 bitdepth=8 cabac=1 ref=1 deblock=1:0:0 analyse=0x1:0 me=dia subme=2 psy=1 psy_rd=1.00:0.00 mixed_ref=0 me_range=16 chroma_me=1 trellis=0 8x8dct=0 cqm=0 deadzone=21,11 fast_pskip=1 chroma_qp_offset=0 threads=4 lookahead_threads=1 sliced_threads=0 nr=0 decimate=1 interlaced=0 bluray_compat=0 constrained_intra=0 bframes=3 b_pyramid=2 b_adapt=1 b_bias=0 direct=1 weightb=1 open_gop=0 weightp=2 keyint=250 keyint_min=25 scenecut=40 intra_refresh=0 rc_lookahead=40 rc=abr mbtree=1 bitrate=1000 ratetol=1.0 qcomp=0.60 qpmin=0 qpmax=69 qpstep=4 ip_ratio=1.40 aq=1:1.00
in:0 out:0 type:I dur:2 cpbdur:2 q:24.99 aq:16.95 tex:76209 mv:14639 misc:6000 imb:475 pmb:0 smb:0 d:- ref:;
in:4 out:1 type:P dur:2 cpbdur:2 q:25.61 aq:17.55 tex:22166 mv:2800 misc:338 imb:54 pmb:351 smb:70 d:- ref:0 ;
in:2 out:2 type:B dur:2 cpbdur:2 q:25.61 aq:21.08 tex:2538 mv:1636 misc:530 imb:0 pmb:206 smb:269 d:- ref:0 ;
in:1 out:3 type:b dur:2 cpbdur:2 q:25.61 aq:22.97 tex:521 mv:548 misc:411 imb:0 pmb:80 smb:395 d:- ref:0 ;
in:3 out:4 type:b dur:2 cpbdur:2 q:25.61 aq:22.96 tex:425 mv:321 misc:374 imb:0 pmb:63 smb:412 d:- ref:0 ;
in:8 out:5 type:P dur:2 cpbdur:2 q:27.49 aq:19.06 tex:15028 mv:2569 misc:347 imb:68 pmb:335 smb:72 d:- ref:0 ;
in:6 out:6 type:B dur:2 cpbdur:2 q:26.55 aq:21.90 tex:2010 mv:897 misc:509 imb:4 pmb:151 smb:320 d:- ref:0 ;
in:5 out:7 type:b dur:2 cpbdur:2 q:26.08 aq:21.42 tex:714 mv:333 misc:393 imb:3 pmb:82 smb:390 d:- ref:0 ;
in:7 out:8 type:b dur:2 cpbdur:2 q:27.02 aq:20.55 tex:311 mv:141 misc:268 imb:0 pmb:36 smb:439 d:- ref:0 ;
in:12 out:9 type:P dur:2 cpbdur:2 q:23.49 aq:15.07 tex:31245 mv:2710 misc:333 imb:45 pmb:380 smb:50 d:- ref:0 ;
in:10 out:10 type:B dur:2 cpbdur:2 q:25.49 aq:22.19 tex:1509 mv:1002 misc:537 imb:1 pmb:154 smb:320 d:- ref:0 ;
in:9 out:11 type:b dur:2 cpbdur:2 q:26.49 aq:22.63 tex:295 mv:190 misc:323 imb:0 pmb:46 smb:429 d:- ref:0 ;
in:11 out:12 type:b dur:2 cpbdur:2 q:24.49 aq:20.56 tex:488 mv:298 misc:294 imb:0 pmb:43 smb:432 d:- ref:0 ;
in:16 out:13 type:P dur:2 cpbdur:2 q:17.93 aq:9.81 tex:82785 mv:2911 misc:208 imb:52 pmb:406 smb:17 d:- ref:0 ;
in:14 out:14 type:B dur:2 cpbdur:2 q:20.71 aq:18.22 tex:6661 mv:2196 misc:519 imb:4 pmb:286 smb:185 d:- ref:0 ;
in:13 out:15 type:b dur:2 cpbdur:2 q:22.10 aq:20.04 tex:1578 mv:836 misc:490 imb:2 pmb:136 smb:337 d:- ref:0 ;
in:15 out:16 type:b dur:2 cpbdur:2 q:19.32 aq:18.99 tex:3228 mv:1149 misc:535 imb:1 pmb:216 smb:258 d:- ref:0 ;
in:20 out:17 type:P dur:2 cpbdur:2 q:16.42 aq:8.48 tex:82424 mv:3021 misc:243 imb:50 pmb:392 smb:33 d:- ref:0 ;
in:18 out:18 type:B dur:2 cpbdur:2 q:17.18 aq:14.00 tex:11715 mv:2838 misc:479 imb:4 pmb:353 smb:118 d:- ref:0 ;
in:17 out:19 type:b dur:2 cpbdur:2 q:17.55 aq:16.41 tex:3782 mv:1437 misc:565 imb:2 pmb:238 smb:235 d:- ref:0 ;
in:19 out:20 type:b dur:2 cpbdur:2 q:16.80 aq:16.40 tex:5757 mv:1947 misc:512 imb:1 pmb:285 smb:189 d:- ref:0 ;
in:24 out:21 type:P dur:2 cpbdur:2 q:15.35 aq:7.96 tex:82137 mv:2665 misc:278 imb:29 pmb:385 smb:61 d:- ref:0 ;
in:22 out:22 type:B dur:2 cpbdur:2 q:15.89 aq:13.13 tex:10739 mv:2424 misc:469 imb:1 pmb:337 smb:137 d:- ref:0 ;
in:21 out:23 type:b dur:2 cpbdur:2 q:16.15 aq:14.99 tex:6408 mv:1513 misc:543 imb:0 pmb:269 smb:206 d:- ref:0 ;
in:23 out:24 type:b dur:2 cpbdur:2 q:15.62 aq:14.76 tex:3620 mv:1198 misc:542 imb:2 pmb:229 smb:244 d:- ref:0 ;
in:28 out:25 type:P dur:2 cpbdur:2 q:14.47 aq:6.35 tex:162957 mv:3342 misc:149 imb:142 pmb:331 smb:2 d:- ref:0 ;
in:26 out:26 type:B dur:2 cpbdur:2 q:14.91 aq:10.90 tex:18792 mv:2483 misc:453 imb:2 pmb:377 smb:96 d:- ref:0 ;
in:25 out:27 type:b dur:2 cpbdur:2 q:15.13 aq:14.06 tex:4292 mv:1306 misc:562 imb:2 pmb:251 smb:222 d:- ref:0 ;
in:27 out:28 type:b dur:2 cpbdur:2 q:14.69 aq:13.38 tex:15068 mv:1883 misc:489 imb:5 pmb:324 smb:146 d:- ref:0 ;
in:32 out:29 type:P dur:2 cpbdur:2 q:14.86 aq:7.17 tex:74038 mv:2871 misc:267 imb:35 pmb:395 smb:45 d:- ref:0 ;
in:30 out:30 type:B dur:2 cpbdur:2 q:14.66 aq:10.98 tex:12248 mv:2583 misc:449 imb:1 pmb:342 smb:132 d:- ref:0 ;
in:29 out:31 type:b dur:2 cpbdur:2 q:14.57 aq:13.63 tex:3693 mv:1217 misc:554 imb:0 pmb:245 smb:230 d:- ref:0 ;
in:31 out:32 type:b dur:2 cpbdur:2 q:14.76 aq:14.70 tex:4390 mv:1622 misc:532 imb:0 pmb:254 smb:221 d:- ref:0 ;
in:36 out:33 type:P dur:2 cpbdur:2 q:14.27 aq:6.16 tex:152620 mv:3406 misc:182 imb:120 pmb:348 smb:7 d:- ref:0 ;
in:34 out:34 type:B dur:2 cpbdur:2 q:14.56 aq:11.07 tex:21489 mv:2641 misc:422 imb:6 pmb:359 smb:110 d:- ref:0 ;
in:33 out:35 type:b dur:2 cpbdur:2 q:14.71 aq:14.28 tex:3654 mv:1252 misc:526 imb:1 pmb:236 smb:238 d:- ref:0 ;
in:35 out:36 type:b dur:2 cpbdur:2 q:14.42 aq:12.88 tex:11911 mv:1603 misc:518 imb:1 pmb:290 smb:184 d:- ref:0 ;
in:40 out:37 type:P dur:2 cpbdur:2 q:14.52 aq:7.11 tex:78186 mv:2703 misc:255 imb:55 pmb:389 smb:31 d:- ref:0 ;
in:38 out:38 type:B dur:2 cpbdur:2 q:14.39 aq:10.99 tex:14745 mv:2431 misc:456 imb:0 pmb:373 smb:102 d:- ref:0 ;
in:37 out:39 type:b dur:2 cpbdur:2 q:14.33 aq:13.63 tex:4771 mv:1406 misc:519 imb:1 pmb:268 smb:206 d:- ref:0 ;
in:39 out:40 type:b dur:2 cpbdur:2 q:14.45 aq:13.31 tex:4779 mv:1315 misc:514 imb:1 pmb:252 smb:222 d:- ref:0 ;
in:44 out:41 type:P dur:2 cpbdur:2 q:14.05 aq:4.91 tex:112746 mv:3320 misc:230 imb:105 pmb:345 smb:25 d:- ref:0 ;
in:42 out:42 type:B dur:2 cpbdur:2 q:14.28 aq:9.79 tex:18810 mv:3150 misc:352 imb:11 pmb:375 smb:89 d:- ref:0 ;
in:41 out:43 type:b dur:2 cpbdur:2 q:14.40 aq:10.98 tex:7238 mv:1675 misc:543 imb:16 pmb:256 smb:203 d:- ref:0 ;
in:43 out:44 type:b dur:2 cpbdur:2 q:14.17 aq:11.46 tex:9084 mv:2424 misc:476 imb:1 pmb:344 smb:130 d:- ref:0 ;
in:48 out:45 type:P dur:2 cpbdur:2 q:13.93 aq:5.45 tex:83876 mv:2500 misc:336 imb:52 pmb:341 smb:82 d:- ref:0 ;
in:46 out:46 type:B dur:2 cpbdur:2 q:13.99 aq:9.70 tex:12849 mv:1938 misc:477 imb:1 pmb:314 smb:160 d:- ref:0 ;
in:45 out:47 type:b dur:2 cpbdur:2 q:14.02 aq:12.67 tex:5747 mv:881 misc:500 imb:0 pmb:244 smb:231 d:- ref:0 ;
in:47 out:48 type:b dur:2 cpbdur:2 q:13.96 aq:11.69 tex:4747 mv:935 misc:526 imb:0 pmb:226 smb:249 d:- ref:0 ;
in:52 out:49 type:P dur:2 cpbdur:2 q:13.61 aq:4.90 tex:149797 mv:3155 misc:248 imb:82 pmb:361 smb:32 d:- ref:0 ;
in:50 out:50 type:B dur:2 cpbdur:2 q:13.77 aq:9.93 tex:29560 mv:3106 misc:382 imb:6 pmb:391 smb:78 d:- ref:0 ;
in:49 out:51 type:b dur:2 cpbdur:2 q:13.85 aq:12.25 tex:13556 mv:1768 misc:468 imb:1 pmb:304 smb:170 d:- ref:0 ;
in:51 out:52 type:b dur:2 cpbdur:2 q:13.69 aq:11.76 tex:12622 mv:2135 misc:459 imb:1 pmb:338 smb:136 d:- ref:0 ;
in:56 out:53 type:P dur:2 cpbdur:2 q:13.98 aq:5.47 tex:93849 mv:2295 misc:352 imb:32 pmb:358 smb:85 d:- ref:0 ;
in:54 out:54 type:B dur:2 cpbdur:2 q:13.80 aq:10.34 tex:16062 mv:1670 misc:476 imb:0 pmb:320 smb:155 d:- ref:0 ;
in:53 out:55 type:b dur:2 cpbdur:2 q:13.70 aq:11.65 tex:7612 mv:1071 misc:493 imb:0 pmb:286 smb:189 d:- ref:0 ;
in:55 out:56 type:b dur:2 cpbdur:2 q:13.89 aq:11.94 tex:5518 mv:796 misc:518 imb:1 pmb:219 smb:255 d:- ref:0 ;
in:60 out:57 type:P dur:2 cpbdur:2 q:13.72 aq:5.59 tex:89786 mv:2056 misc:366 imb:20 pmb:352 smb:103 d:- ref:0 ;
in:58 out:58 type:B dur:2 cpbdur:2 q:13.85 aq:11.43 tex:15687 mv:1671 misc:490 imb:1 pmb:295 smb:179 d:- ref:0 ;
in:57 out:59 type:b dur:2 cpbdur:2 q:13.92 aq:12.64 tex:6534 mv:782 misc:524 imb:1 pmb:235 smb:239 d:- ref:0 ;
in:59 out:60 type:b dur:2 cpbdur:2 q:13.79 aq:12.76 tex:6086 mv:782 misc:508 imb:0 pmb:218 smb:257 d:- ref:0 ;
in:61 out:61 type:P dur:2 cpbdur:2 q:13.47 aq:5.84 tex:39433 mv:716 misc:475 imb:5 pmb:274 smb:196 d:- ref:0 ;
in:65 out:62 type:P dur:2 cpbdur:2 q:13.34 aq:4.96 tex:116960 mv:2705 misc:279 imb:76 pmb:349 smb:50 d:- ref:0 ;
in:63 out:63 type:B dur:2 cpbdur:2 q:13.40 aq:10.14 tex:21012 mv:1752 misc:420 imb:1 pmb:353 smb:121 d:- ref:0 ;
in:62 out:64 type:b dur:2 cpbdur:2 q:13.43 aq:13.35 tex:6410 mv:620 misc:490 imb:0 pmb:210 smb:265 d:- ref:0 ;
in:64 out:65 type:b dur:2 cpbdur:2 q:13.37 aq:11.36 tex:11694 mv:1487 misc:443 imb:3 pmb:342 smb:130 d:- ref:0 ;
in:69 out:66 type:P dur:2 cpbdur:2 q:13.40 aq:4.61 tex:121362 mv:2282 misc:308 imb:46 pmb:369 smb:60 d:- ref:0 ;
in:67 out:67 type:B dur:2 cpbdur:2 q:13.37 aq:9.89 tex:26116 mv:2028 misc:392 imb:5 pmb:372 smb:98 d:- ref:0 ;
in:66 out:68 type:b dur:2 cpbdur:2 q:13.35 aq:12.63 tex:8677 mv:858 misc:505 imb:0 pmb:287 smb:188 d:- ref:0 ;
in:68 out:69 type:b dur:2 cpbdur:2 q:13.38 aq:12.09 tex:7699 mv:1021 misc:504 imb:1 pmb:264 smb:210 d:- ref:0 ;
in:73 out:70 type:P dur:2 cpbdur:2 q:13.40 aq:4.78 tex:105176 mv:2090 misc:326 imb:16 pmb:363 smb:96 d:- ref:0 ;
in:71 out:71 type:B dur:2 cpbdur:2 q:13.40 aq:10.30 tex:16673 mv:2135 misc:408 imb:0 pmb:323 smb:152 d:- ref:0 ;
in:70 out:72 type:b dur:2 cpbdur:2 q:13.40 aq:12.54 tex:8105 mv:997 misc:506 imb:0 pmb:251 smb:224 d:- ref:0 ;
in:72 out:73 type:b dur:2 cpbdur:2 q:13.40 aq:13.28 tex:8316 mv:1245 misc:463 imb:0 pmb:250 smb:225 d:- ref:0 ;
in:77 out:74 type:P dur:2 cpbdur:2 q:13.35 aq:4.65 tex:97200 mv:2062 misc:338 imb:25 pmb:346 smb:104 d:- ref:0 ;
in:75 out:75 type:B dur:2 cpbdur:2 q:13.37 aq:11.15 tex:15710 mv:1720 misc:466 imb:1 pmb:300 smb:174 d:- ref:0 ;
in:74 out:76 type:b dur:2 cpbdur:2 q:13.39 aq:12.83 tex:6817 mv:1001 misc:486 imb:0 pmb:235 smb:240 d:- ref:0 ;
in:76 out:77 type:b dur:2 cpbdur:2 q:13.36 aq:12.64 tex:5205 mv:692 misc:511 imb:0 pmb:209 smb:266 d:- ref:0 ;
in:79 out:78 type:P dur:2 cpbdur:2 q:13.20 aq:4.55 tex:68462 mv:1529 misc:393 imb:22 pmb:326 smb:127 d:- ref:0 ;
in:78 out:79 type:b dur:2 cpbdur:2 q:13.28 aq:12.37 tex:5858 mv:751 misc:543 imb:0 pmb:206 smb:269 d:- ref:0 ;
in:83 out:80 type:P dur:2 cpbdur:2 q:13.06 aq:4.55 tex:91903 mv:1841 misc:344 imb:16 pmb:343 smb:116 d:- ref:0 ;
in:81 out:81 type:B dur:2 cpbdur:2 q:13.13 aq:11.00 tex:13648 mv:1441 misc:439 imb:1 pmb:274 smb:200 d:- ref:0 ;
in:80 out:82 type:b dur:2 cpbdur:2 q:13.17 aq:12.23 tex:5698 mv:728 misc:510 imb:0 pmb:214 smb:261 d:- ref:0 ;
in:82 out:83 type:b dur:2 cpbdur:2 q:13.10 aq:12.14 tex:4835 mv:720 misc:525 imb:0 pmb:217 smb:258 d:- ref:0 ;
in:84 out:84 type:P dur:2 cpbdur:2 q:13.12 aq:4.34 tex:56559 mv:997 misc:452 imb:9 pmb:303 smb:163 d:- ref:0 ;
in:85 out:85 type:P dur:2 cpbdur:2 q:13.11 aq:4.49 tex:32941 mv:637 misc:542 imb:4 pmb:245 smb:226 d:- ref:0 ;
in:89 out:86 type:P dur:2 cpbdur:2 q:12.88 aq:4.36 tex:98820 mv:2040 misc:348 imb:19 pmb:354 smb:102 d:- ref:0 ;
in:87 out:87 type:B dur:2 cpbdur:2 q:13.00 aq:10.18 tex:14481 mv:1982 misc:473 imb:2 pmb:302 smb:171 d:- ref:0 ;
in:86 out:88 type:b dur:2 cpbdur:2 q:13.05 aq:12.12 tex:6666 mv:830 misc:520 imb:0 pmb:250 smb:225 d:- ref:0 ;
in:88 out:89 type:b dur:2 cpbdur:2 q:12.94 aq:12.30 tex:5463 mv:978 misc:511 imb:0 pmb:241 smb:234 d:- ref:0 ;
in:91 out:90 type:P dur:2 cpbdur:2 q:12.85 aq:4.43 tex:53217 mv:889 misc:494 imb:2 pmb:276 smb:197 d:- ref:0 ;
in:90 out:91 type:b dur:2 cpbdur:2 q:12.87 aq:12.87 tex:5949 mv:467 misc:472 imb:0 pmb:161 smb:314 d:- ref:0 ;
in:92 out:92 type:P dur:2 cpbdur:2 q:12.71 aq:4.35 tex:24018 mv:395 misc:523 imb:2 pmb:223 smb:250 d:- ref:0 ;
in:93 out:93 type:P dur:2 cpbdur:2 q:12.55 aq:4.51 tex:21994 mv:424 misc:550 imb:2 pmb:203 smb:270 d:- ref:0 ;
in:97 out:94 type:P dur:2 cpbdur:2 q:12.53 aq:3.67 tex:190641 mv:3048 misc:167 imb:116 pmb:352 smb:7 d:- ref:0 ;
in:95 out:95 type:B dur:2 cpbdur:2 q:12.54 aq:10.74 tex:17724 mv:1553 misc:451 imb:1 pmb:270 smb:204 d:- ref:0 ;
in:94 out:96 type:b dur:2 cpbdur:2 q:12.55 aq:11.95 tex:4607 mv:596 misc:461 imb:0 pmb:183 smb:292 d:- ref:0 ;
in:96 out:97 type:b dur:2 cpbdur:2 q:12.53 aq:10.15 tex:21281 mv:2046 misc:473 imb:12 pmb:328 smb:135 d:- ref:0 ;
in:101 out:98 type:P dur:2 cpbdur:2 q:12.95 aq:4.41 tex:104476 mv:2075 misc:345 imb:22 pmb:358 smb:95 d:- ref:0 ;
in:99 out:99 type:B dur:2 cpbdur:2 q:12.74 aq:9.65 tex:20203 mv:2090 misc:403 imb:0 pmb:331 smb:144 d:- ref:0 ;
in:98 out:100 type:b dur:2 cpbdur:2 q:12.63 aq:11.74 tex:8085 mv:1185 misc:490 imb:0 pmb:245 smb:230 d:- ref:0 ;
in:100 out:101 type:b dur:2 cpbdur:2 q:12.84 aq:13.02 tex:10001 mv:1501 misc:466 imb:2 pmb:259 smb:214 d:- ref:0 ;
in:105 out:102 type:P dur:2 cpbdur:2 q:12.83 aq:4.17 tex:114018 mv:2386 misc:340 imb:27 pmb:372 smb:76 d:- ref:0 ;
in:103 out:103 type:B dur:2 cpbdur:2 q:12.89 aq:10.79 tex:20490 mv:2277 misc:441 imb:1 pmb:326 smb:148 d:- ref:0 ;
in:102 out:104 type:b dur:2 cpbdur:2 q:12.92 aq:13.04 tex:9120 mv:1212 misc:508 imb:2 pmb:248 smb:225 d:- ref:0 ;
in:104 out:105 type:b dur:2 cpbdur:2 q:12.86 aq:12.62 tex:8171 mv:1341 misc:488 imb:1 pmb:262 smb:212 d:- ref:0 ;
in:106 out:106 type:P dur:2 cpbdur:2 q:12.84 aq:4.08 tex:54108 mv:1081 misc:427 imb:5 pmb:306 smb:164 d:- ref:0 ;
in:107 out:107 type:P dur:2 cpbdur:2 q:12.86 aq:4.63 tex:42941 mv:890 misc:457 imb:10 pmb:281 smb:184 d:- ref:0 ;
in:108 out:108 type:P dur:2 cpbdur:2 q:12.83 aq:4.16 tex:39981 mv:805 misc:470 imb:7 pmb:262 smb:206 d:- ref:0 ;
in:112 out:109 type:P dur:2 cpbdur:2 q:12.76 aq:3.90 tex:71622 mv:1416 misc:426 imb:13 pmb:318 smb:144 d:- ref:0 ;
in:110 out:110 type:B dur:2 cpbdur:2 q:12.79 aq:10.77 tex:16117 mv:1268 misc:479 imb:0 pmb:230 smb:245 d:- ref:0 ;
in:109 out:111 type:b dur:2 cpbdur:2 q:12.81 aq:12.36 tex:4401 mv:461 misc:482 imb:1 pmb:161 smb:313 d:- ref:0 ;
in:111 out:112 type:b dur:2 cpbdur:2 q:12.78 aq:12.71 tex:7208 mv:550 misc:458 imb:0 pmb:155 smb:320 d:- ref:0 ;
in:114 out:113 type:P dur:2 cpbdur:2 q:12.73 aq:4.18 tex:42817 mv:1012 misc:483 imb:5 pmb:276 smb:194 d:- ref:0 ;
in:113 out:114 type:b dur:2 cpbdur:2 q:12.74 aq:13.82 tex:4065 mv:570 misc:453 imb:0 pmb:154 smb:321 d:- ref:0 ;
in:115 out:115 type:P dur:2 cpbdur:2 q:12.52 aq:4.29 tex:29121 mv:613 misc:554 imb:4 pmb:238 smb:233 d:- ref:0 ;
in:116 out:116 type:P dur:2 cpbdur:2 q:12.42 aq:4.14 tex:44752 mv:750 misc:514 imb:4 pmb:268 smb:203 d:- ref:0 ;
in:118 out:117 type:P dur:2 cpbdur:2 q:12.44 aq:4.27 tex:38219 mv:858 misc:523 imb:6 pmb:241 smb:228 d:- ref:0 ;
in:117 out:118 type:b dur:2 cpbdur:2 q:12.43 aq:11.40 tex:4493 mv:530 misc:473 imb:0 pmb:137 smb:338 d:- ref:0 ;
in:122 out:119 type:P dur:2 cpbdur:2 q:12.28 aq:4.36 tex:78485 mv:1810 misc:465 imb:18 pmb:301 smb:156 d:- ref:0 ;
in:120 out:120 type:B dur:2 cpbdur:2 q:12.36 aq:10.44 tex:20259 mv:1508 misc:465 imb:0 pmb:243 smb:232 d:- ref:0 ;
in:119 out:121 type:b dur:2 cpbdur:2 q:12.40 aq:12.86 tex:9494 mv:835 misc:455 imb:0 pmb:185 smb:290 d:- ref:0 ;
in:121 out:122 type:b dur:2 cpbdur:2 q:12.32 aq:12.15 tex:9154 mv:1162 misc:484 imb:0 pmb:205 smb:270 d:- ref:0 ;
in:124 out:123 type:P dur:2 cpbdur:2 q:12.21 aq:4.27 tex:67370 mv:1581 misc:417 imb:7 pmb:302 smb:166 d:- ref:0 ;
in:123 out:124 type:b dur:2 cpbdur:2 q:12.24 aq:10.95 tex:8722 mv:1245 misc:481 imb:0 pmb:219 smb:256 d:- ref:0 ;
in:125 out:125 type:P dur:2 cpbdur:2 q:12.14 aq:4.27 tex:44377 mv:973 misc:458 imb:2 pmb:269 smb:204 d:- ref:0 ;
in:129 out:126 type:P dur:2 cpbdur:2 q:12.07 aq:4.34 tex:107497 mv:2381 misc:346 imb:21 pmb:349 smb:105 d:- ref:0 ;
in:127 out:127 type:B dur:2 cpbdur:2 q:12.11 aq:8.92 tex:25052 mv:1987 misc:489 imb:0 pmb:283 smb:192 d:- ref:0 ;
in:126 out:128 type:b dur:2 cpbdur:2 q:12.13 aq:10.89 tex:9200 mv:1292 misc:484 imb:0 pmb:201 smb:274 d:- ref:0 ;
in:128 out:129 type:b dur:2 cpbdur:2 q:12.09 aq:11.49 tex:13602 mv:1731 misc:459 imb:0 pmb:277 smb:198 d:- ref:0 ;
in:133 out:130 type:P dur:2 cpbdur:2 q:12.19 aq:4.23 tex:133873 mv:2912 misc:271 imb:48 pmb:379 smb:48 d:- ref:0 ;
in:131 out:131 type:B dur:2 cpbdur:2 q:12.13 aq:9.31 tex:30920 mv:2792 misc:384 imb:3 pmb:350 smb:122 d:- ref:0 ;
in:130 out:132 type:b dur:2 cpbdur:2 q:12.10 aq:10.68 tex:14053 mv:1800 misc:475 imb:0 pmb:294 smb:181 d:- ref:0 ;
in:132 out:133 type:b dur:2 cpbdur:2 q:12.16 aq:11.03 tex:14627 mv:1905 misc:468 imb:1 pmb:304 smb:170 d:- ref:0 ;
in:137 out:134 type:P dur:2 cpbdur:2 q:12.32 aq:4.54 tex:100026 mv:2160 misc:342 imb:10 pmb:352 smb:113 d:- ref:0 ;
in:135 out:135 type:B dur:2 cpbdur:2 q:12.25 aq:8.89 tex:23073 mv:2112 misc:455 imb:2 pmb:312 smb:161 d:- ref:0 ;
in:134 out:136 type:b dur:2 cpbdur:2 q:12.22 aq:10.92 tex:9455 mv:1180 misc:477 imb:1 pmb:232 smb:242 d:- ref:0 ;
in:136 out:137 type:b dur:2 cpbdur:2 q:12.28 aq:12.16 tex:7920 mv:1296 misc:480 imb:0 pmb:243 smb:232 d:- ref:0 ;
in:141 out:138 type:P dur:2 cpbdur:2 q:12.29 aq:3.81 tex:107791 mv:2749 misc:300 imb:80 pmb:321 smb:74 d:- ref:0 ;
in:139 out:139 type:B dur:2 cpbdur:2 q:12.30 aq:8.28 tex:23173 mv:2314 misc:441 imb:12 pmb:326 smb:137 d:- ref:0 ;
in:138 out:140 type:b dur:2 cpbdur:2 q:12.31 aq:10.72 tex:7940 mv:1051 misc:513 imb:0 pmb:236 smb:239 d:- ref:0 ;
in:140 out:141 type:b dur:2 cpbdur:2 q:12.29 aq:9.63 tex:9925 mv:1714 misc:489 imb:5 pmb:289 smb:181 d:- ref:0 ;
in:143 out:142 type:P dur:2 cpbdur:2 q:12.28 aq:4.21 tex:72724 mv:1791 misc:373 imb:19 pmb:308 smb:148 d:- ref:0 ;
in:142 out:143 type:b dur:2 cpbdur:2 q:12.28 aq:10.06 tex:7527 mv:1109 misc:476 imb:0 pmb:225 smb:250 d:- ref:0 ;
in:144 out:144 type:P dur:2 cpbdur:2 q:12.21 aq:4.11 tex:43178 mv:975 misc:479 imb:5 pmb:267 smb:203 d:- ref:0 ;
in:147 out:145 type:P dur:2 cpbdur:2 q:12.15 aq:3.50 tex:86611 mv:2082 misc:435 imb:27 pmb:316 smb:132 d:- ref:0 ;
in:145 out:146 type:B dur:2 cpbdur:2 q:12.19 aq:8.05 tex:11186 mv:1389 misc:505 imb:2 pmb:217 smb:256 d:- ref:0 ;
in:146 out:147 type:b dur:2 cpbdur:2 q:12.17 aq:9.96 tex:8342 mv:1334 misc:508 imb:0 pmb:220 smb:255 d:- ref:0 ;
in:151 out:148 type:P dur:2 cpbdur:2 q:12.18 aq:3.85 tex:84534 mv:2081 misc:401 imb:25 pmb:308 smb:142 d:- ref:0 ;
in:149 out:149 type:B dur:2 cpbdur:2 q:12.16 aq:7.64 tex:18631 mv:1698 misc:455 imb:1 pmb:276 smb:198 d:- ref:0 ;
in:148 out:150 type:b dur:2 cpbdur:2 q:12.15 aq:9.84 tex:7790 mv:1026 misc:512 imb:0 pmb:237 smb:238 d:- ref:0 ;
in:150 out:151 type:b dur:2 cpbdur:2 q:12.17 aq:9.39 tex:6831 mv:922 misc:423 imb:0 pmb:184 smb:291 d:- ref:0 ;
in:154 out:152 type:P dur:2 cpbdur:2 q:12.16 aq:4.62 tex:65244 mv:1775 misc:477 imb:29 pmb:290 smb:156 d:- ref:0 ;
in:152 out:153 type:B dur:2 cpbdur:2 q:12.17 aq:8.48 tex:10282 mv:1029 misc:513 imb:1 pmb:205 smb:269 d:- ref:0 ;
in:153 out:154 type:b dur:2 cpbdur:2 q:12.17 aq:10.52 tex:6582 mv:771 misc:463 imb:0 pmb:190 smb:285 d:- ref:0 ;
in:155 out:155 type:P dur:2 cpbdur:2 q:11.95 aq:4.28 tex:68438 mv:1999 misc:387 imb:73 pmb:319 smb:83 d:- ref:0 ;
in:156 out:156 type:P dur:2 cpbdur:2 q:12.03 aq:2.76 tex:195047 mv:2583 misc:234 imb:144 pmb:307 smb:24 d:- ref:0 ;
in:160 out:157 type:P dur:2 cpbdur:2 q:12.19 aq:3.63 tex:55932 mv:1553 misc:491 imb:11 pmb:294 smb:170 d:- ref:0 ;
in:158 out:158 type:B dur:2 cpbdur:2 q:12.11 aq:8.04 tex:6372 mv:775 misc:501 imb:0 pmb:177 smb:298 d:- ref:0 ;
in:157 out:159 type:b dur:2 cpbdur:2 q:12.07 aq:12.15 tex:1702 mv:328 misc:402 imb:0 pmb:84 smb:391 d:- ref:0 ;
in:159 out:160 type:b dur:2 cpbdur:2 q:12.15 aq:9.56 tex:3886 mv:706 misc:424 imb:0 pmb:138 smb:337 d:- ref:0 ;
in:164 out:161 type:P dur:2 cpbdur:2 q:12.38 aq:2.98 tex:151956 mv:2391 misc:301 imb:74 pmb:337 smb:64 d:- ref:0 ;
in:162 out:162 type:B dur:2 cpbdur:2 q:12.29 aq:7.73 tex:10314 mv:912 misc:502 imb:1 pmb:166 smb:308 d:- ref:0 ;
in:161 out:163 type:b dur:2 cpbdur:2 q:12.24 aq:12.13 tex:2078 mv:381 misc:373 imb:0 pmb:81 smb:394 d:- ref:0 ;
in:163 out:164 type:b dur:2 cpbdur:2 q:12.33 aq:8.88 tex:4757 mv:693 misc:470 imb:1 pmb:140 smb:334 d:- ref:0 ;
in:166 out:165 type:P dur:2 cpbdur:2 q:12.44 aq:3.18 tex:51503 mv:1521 misc:456 imb:9 pmb:313 smb:153 d:- ref:0 ;
in:165 out:166 type:b dur:2 cpbdur:2 q:12.41 aq:10.78 tex:4234 mv:678 misc:520 imb:0 pmb:188 smb:287 d:- ref:0 ;
in:170 out:167 type:P dur:2 cpbdur:2 q:12.31 aq:3.48 tex:72640 mv:1898 misc:422 imb:16 pmb:323 smb:136 d:- ref:0 ;
in:168 out:168 type:B dur:2 cpbdur:2 q:12.37 aq:9.19 tex:12060 mv:1325 misc:527 imb:1 pmb:241 smb:233 d:- ref:0 ;
in:167 out:169 type:b dur:2 cpbdur:2 q:12.41 aq:10.77 tex:4563 mv:661 misc:480 imb:0 pmb:163 smb:312 d:- ref:0 ;
in:169 out:170 type:b dur:2 cpbdur:2 q:12.34 aq:10.81 tex:6217 mv:1065 misc:486 imb:1 pmb:198 smb:276 d:- ref:0 ;
in:174 out:171 type:P dur:2 cpbdur:2 q:12.14 aq:3.42 tex:76510 mv:1896 misc:434 imb:14 pmb:297 smb:164 d:- ref:0 ;
in:172 out:172 type:B dur:2 cpbdur:2 q:12.22 aq:9.02 tex:14431 mv:1417 misc:496 imb:0 pmb:217 smb:258 d:- ref:0 ;
in:171 out:173 type:b dur:2 cpbdur:2 q:12.27 aq:11.02 tex:5403 mv:803 misc:490 imb:0 pmb:167 smb:308 d:- ref:0 ;
in:173 out:174 type:b dur:2 cpbdur:2 q:12.18 aq:10.64 tex:6752 mv:924 misc:444 imb:0 pmb:176 smb:299 d:- ref:0 ;
in:177 out:175 type:P dur:2 cpbdur:2 q:11.96 aq:3.40 tex:65435 mv:1601 misc:476 imb:15 pmb:274 smb:186 d:- ref:0 ;
in:175 out:176 type:B dur:2 cpbdur:2 q:12.08 aq:9.60 tex:10747 mv:1047 misc:446 imb:0 pmb:171 smb:304 d:- ref:0 ;
in:176 out:177 type:b dur:2 cpbdur:2 q:12.02 aq:10.09 tex:9089 mv:958 misc:433 imb:0 pmb:170 smb:305 d:- ref:0 ;
in:181 out:178 type:P dur:2 cpbdur:2 q:11.80 aq:3.40 tex:76761 mv:1713 misc:462 imb:12 pmb:277 smb:186 d:- ref:0 ;
in:179 out:179 type:B dur:2 cpbdur:2 q:11.88 aq:8.41 tex:19781 mv:1576 misc:475 imb:1 pmb:216 smb:258 d:- ref:0 ;
in:178 out:180 type:b dur:2 cpbdur:2 q:11.92 aq:10.72 tex:8992 mv:872 misc:424 imb:0 pmb:158 smb:317 d:- ref:0 ;
in:180 out:181 type:b dur:2 cpbdur:2 q:11.84 aq:10.24 tex:8609 mv:971 misc:460 imb:0 pmb:183 smb:292 d:- ref:0 ;
in:183 out:182 type:P dur:2 cpbdur:2 q:11.71 aq:3.55 tex:63857 mv:1567 misc:464 imb:10 pmb:270 smb:195 d:- ref:0 ;
in:182 out:183 type:b dur:2 cpbdur:2 q:11.76 aq:10.39 tex:9459 mv:1084 misc:481 imb:1 pmb:198 smb:276 d:- ref:0 ;
in:184 out:184 type:P dur:2 cpbdur:2 q:11.66 aq:3.46 tex:43599 mv:929 misc:480 imb:3 pmb:232 smb:240 d:- ref:0 ;
in:185 out:185 type:P dur:2 cpbdur:2 q:11.60 aq:3.40 tex:41498 mv:924 misc:474 imb:1 pmb:242 smb:232 d:- ref:0 ;
in:189 out:186 type:P dur:2 cpbdur:2 q:11.63 aq:3.63 tex:83102 mv:1814 misc:436 imb:17 pmb:276 smb:182 d:- ref:0 ;
in:187 out:187 type:B dur:2 cpbdur:2 q:11.62 aq:7.99 tex:23006 mv:1854 misc:452 imb:0 pmb:251 smb:224 d:- ref:0 ;
in:186 out:188 type:b dur:2 cpbdur:2 q:11.61 aq:10.51 tex:9916 mv:929 misc:435 imb:0 pmb:187 smb:288 d:- ref:0 ;
in:188 out:189 type:b dur:2 cpbdur:2 q:11.62 aq:10.42 tex:9654 mv:1022 misc:428 imb:0 pmb:191 smb:284 d:- ref:0 ;
in:190 out:190 type:P dur:2 cpbdur:2 q:11.63 aq:3.69 tex:40442 mv:957 misc:489 imb:2 pmb:255 smb:218 d:- ref:0 ;
in:194 out:191 type:P dur:2 cpbdur:2 q:11.62 aq:4.48 tex:68071 mv:1949 misc:444 imb:10 pmb:300 smb:165 d:- ref:0 ;
in:192 out:192 type:B dur:2 cpbdur:2 q:11.62 aq:7.92 tex:17327 mv:1504 misc:481 imb:0 pmb:260 smb:215 d:- ref:0 ;
in:191 out:193 type:b dur:2 cpbdur:2 q:11.62 aq:9.76 tex:7172 mv:707 misc:481 imb:1 pmb:185 smb:289 d:- ref:0 ;
in:193 out:194 type:b dur:2 cpbdur:2 q:11.62 aq:9.88 tex:6805 mv:830 misc:477 imb:0 pmb:198 smb:277 d:- ref:0 ;
in:198 out:195 type:P dur:2 cpbdur:2 q:11.48 aq:5.11 tex:53583 mv:2094 misc:451 imb:21 pmb:310 smb:144 d:- ref:0 ;
in:196 out:196 type:B dur:2 cpbdur:2 q:11.55 aq:7.31 tex:15943 mv:1408 misc:505 imb:1 pmb:247 smb:227 d:- ref:0 ;
in:195 out:197 type:b dur:2 cpbdur:2 q:11.58 aq:10.02 tex:7803 mv:964 misc:513 imb:0 pmb:240 smb:235 d:- ref:0 ;
in:197 out:198 type:b dur:2 cpbdur:2 q:11.52 aq:10.43 tex:4550 mv:588 misc:414 imb:0 pmb:134 smb:341 d:- ref:0 ;
in:201 out:199 type:P dur:2 cpbdur:2 q:11.28 aq:7.11 tex:15690 mv:1698 misc:452 imb:60 pmb:251 smb:164 d:- ref:0 ;
in:199 out:200 type:B dur:2 cpbdur:2 q:11.41 aq:7.93 tex:5426 mv:749 misc:521 imb:0 pmb:169 smb:306 d:- ref:0 ;
in:200 out:201 type:b dur:2 cpbdur:2 q:11.35 aq:6.87 tex:4503 mv:648 misc:497 imb:1 pmb:216 smb:258 d:- ref:0 ;
in:202 out:202 type:I dur:2 cpbdur:2 q:8.86 aq:2.17 tex:213486 mv:16516 misc:398 imb:475 pmb:0 smb:0 d:- ref:;
in:206 out:203 type:P dur:2 cpbdur:2 q:11.89 aq:4.65 tex:133936 mv:3380 misc:124 imb:33 pmb:440 smb:2 d:- ref:0 ;
in:204 out:204 type:B dur:2 cpbdur:2 q:11.89 aq:8.69 tex:34086 mv:3513 misc:305 imb:5 pmb:435 smb:35 d:- ref:0 ;
in:203 out:205 type:b dur:2 cpbdur:2 q:11.89 aq:10.59 tex:16000 mv:2518 misc:418 imb:5 pmb:381 smb:89 d:- ref:0 ;
in:205 out:206 type:b dur:2 cpbdur:2 q:11.89 aq:10.67 tex:15680 mv:2180 misc:476 imb:1 pmb:359 smb:115 d:- ref:0 ;
in:208 out:207 type:P dur:2 cpbdur:2 q:11.56 aq:4.20 tex:103154 mv:2274 misc:308 imb:11 pmb:422 smb:42 d:- ref:0 ;
in:207 out:208 type:b dur:2 cpbdur:2 q:11.72 aq:10.90 tex:17185 mv:1785 misc:526 imb:1 pmb:303 smb:171 d:- ref:0 ;
in:211 out:209 type:P dur:2 cpbdur:2 q:11.63 aq:4.42 tex:98176 mv:2093 misc:387 imb:19 pmb:382 smb:74 d:- ref:0 ;
in:209 out:210 type:B dur:2 cpbdur:2 q:11.58 aq:9.93 tex:16728 mv:1415 misc:545 imb:1 pmb:238 smb:236 d:- ref:0 ;
in:210 out:211 type:b dur:2 cpbdur:2 q:11.61 aq:11.15 tex:15014 mv:1602 misc:504 imb:1 pmb:269 smb:205 d:- ref:0 ;
in:212 out:212 type:P dur:2 cpbdur:2 q:11.67 aq:4.40 tex:60051 mv:1512 misc:485 imb:8 pmb:354 smb:113 d:- ref:0 ;
in:216 out:213 type:P dur:2 cpbdur:2 q:11.75 aq:4.68 tex:209551 mv:3581 misc:164 imb:70 pmb:398 smb:7 d:- ref:0 ;
in:214 out:214 type:B dur:2 cpbdur:2 q:11.71 aq:9.44 tex:57257 mv:3571 misc:292 imb:7 pmb:435 smb:33 d:- ref:0 ;
in:213 out:215 type:b dur:2 cpbdur:2 q:11.69 aq:10.41 tex:18528 mv:2783 misc:401 imb:2 pmb:403 smb:70 d:- ref:0 ;
in:215 out:216 type:b dur:2 cpbdur:2 q:11.73 aq:10.79 tex:25835 mv:2168 misc:485 imb:2 pmb:353 smb:120 d:- ref:0 ;
in:217 out:217 type:P dur:2 cpbdur:2 q:12.29 aq:4.73 tex:84250 mv:1925 misc:361 imb:11 pmb:404 smb:60 d:- ref:0 ;
in:221 out:218 type:P dur:2 cpbdur:2 q:12.33 aq:4.66 tex:141031 mv:2670 misc:211 imb:21 pmb:436 smb:18 d:- ref:0 ;
in:219 out:219 type:B dur:2 cpbdur:2 q:12.31 aq:10.21 tex:31267 mv:2381 misc:456 imb:2 pmb:379 smb:94 d:- ref:0 ;
in:218 out:220 type:b dur:2 cpbdur:2 q:12.30 aq:11.81 tex:16113 mv:1671 misc:496 imb:1 pmb:324 smb:150 d:- ref:0 ;
in:220 out:221 type:b dur:2 cpbdur:2 q:12.32 aq:12.15 tex:12149 mv:1241 misc:562 imb:1 pmb:243 smb:231 d:- ref:0 ;
in:225 out:222 type:P dur:2 cpbdur:2 q:12.55 aq:5.01 tex:100824 mv:2318 misc:338 imb:14 pmb:408 smb:53 d:- ref:0 ;
in:223 out:223 type:B dur:2 cpbdur:2 q:12.44 aq:9.96 tex:25216 mv:1867 misc:517 imb:3 pmb:300 smb:172 d:- ref:0 ;
in:222 out:224 type:b dur:2 cpbdur:2 q:12.38 aq:12.50 tex:10304 mv:1022 misc:522 imb:2 pmb:192 smb:281 d:- ref:0 ;
in:224 out:225 type:b dur:2 cpbdur:2 q:12.49 aq:12.42 tex:12460 mv:1562 misc:490 imb:1 pmb:225 smb:249 d:- ref:0 ;
in:229 out:226 type:P dur:2 cpbdur:2 q:12.42 aq:4.76 tex:156602 mv:2988 misc:194 imb:28 pmb:433 smb:14 d:- ref:0 ;
in:227 out:227 type:B dur:2 cpbdur:2 q:12.49 aq:10.24 tex:39361 mv:2869 misc:434 imb:2 pmb:379 smb:94 d:- ref:0 ;
in:226 out:228 type:b dur:2 cpbdur:2 q:12.52 aq:12.17 tex:14462 mv:1901 misc:533 imb:0 pmb:300 smb:175 d:- ref:0 ;
in:228 out:229 type:b dur:2 cpbdur:2 q:12.46 aq:12.48 tex:15804 mv:1746 misc:522 imb:0 pmb:278 smb:197 d:- ref:0 ;
in:233 out:230 type:P dur:2 cpbdur:2 q:12.69 aq:4.91 tex:164202 mv:2941 misc:201 imb:14 pmb:447 smb:14 d:- ref:0 ;
in:231 out:231 type:B dur:2 cpbdur:2 q:12.56 aq:10.07 tex:32731 mv:3112 misc:445 imb:1 pmb:387 smb:87 d:- ref:0 ;
in:230 out:232 type:b dur:2 cpbdur:2 q:12.49 aq:12.26 tex:13700 mv:2043 misc:505 imb:0 pmb:316 smb:159 d:- ref:0 ;
in:232 out:233 type:b dur:2 cpbdur:2 q:12.62 aq:12.35 tex:21408 mv:1927 misc:489 imb:0 pmb:322 smb:153 d:- ref:0 ;
in:237 out:234 type:P dur:2 cpbdur:2 q:12.79 aq:5.04 tex:118836 mv:2244 misc:352 imb:10 pmb:408 smb:57 d:- ref:0 ;
in:235 out:235 type:B dur:2 cpbdur:2 q:12.74 aq:10.75 tex:26907 mv:1870 misc:527 imb:1 pmb:303 smb:171 d:- ref:0 ;
in:234 out:236 type:b dur:2 cpbdur:2 q:12.72 aq:12.83 tex:13130 mv:1299 misc:507 imb:0 pmb:236 smb:239 d:- ref:0 ;
in:236 out:237 type:b dur:2 cpbdur:2 q:12.77 aq:13.23 tex:12022 mv:1131 misc:471 imb:1 pmb:221 smb:253 d:- ref:0 ;
in:241 out:238 type:P dur:2 cpbdur:2 q:12.95 aq:5.41 tex:110462 mv:2169 misc:361 imb:10 pmb:403 smb:62 d:- ref:0 ;
in:239 out:239 type:B dur:2 cpbdur:2 q:12.87 aq:10.90 tex:21317 mv:1810 misc:521 imb:1 pmb:295 smb:179 d:- ref:0 ;
in:238 out:240 type:b dur:2 cpbdur:2 q:12.83 aq:12.74 tex:9598 mv:1089 misc:489 imb:0 pmb:203 smb:272 d:- ref:0 ;
in:240 out:241 type:b dur:2 cpbdur:2 q:12.91 aq:13.15 tex:11159 mv:1119 misc:514 imb:0 pmb:253 smb:222 d:- ref:0 ;
in:245 out:242 type:P dur:2 cpbdur:2 q:12.86 aq:5.70 tex:124361 mv:2507 misc:260 imb:14 pmb:434 smb:27 d:- ref:0 ;
in:243 out:243 type:B dur:2 cpbdur:2 q:12.90 aq:10.27 tex:26832 mv:2148 misc:460 imb:0 pmb:351 smb:124 d:- ref:0 ;
in:242 out:244 type:b dur:2 cpbdur:2 q:12.93 aq:13.37 tex:5579 mv:708 misc:537 imb:0 pmb:217 smb:258 d:- ref:0 ;
in:244 out:245 type:b dur:2 cpbdur:2 q:12.88 aq:12.52 tex:16223 mv:1981 misc:452 imb:1 pmb:343 smb:131 d:- ref:0 ;
in:247 out:246 type:P dur:2 cpbdur:2 q:12.99 aq:5.54 tex:103239 mv:2520 misc:281 imb:7 pmb:439 smb:29 d:- ref:0 ;
in:246 out:247 type:b dur:2 cpbdur:2 q:12.92 aq:12.92 tex:11769 mv:2085 misc:538 imb:2 pmb:307 smb:166 d:- ref:0 ;
in:248 out:248 type:P dur:2 cpbdur:2 q:12.91 aq:5.43 tex:53038 mv:1154 misc:488 imb:4 pmb:348 smb:123 d:- ref:0 ;
in:249 out:249 type:P dur:2 cpbdur:2 q:12.89 aq:5.65 tex:46248 mv:1018 misc:526 imb:2 pmb:299 smb:174 d:- ref:0 ;
in:251 out:250 type:P dur:2 cpbdur:2 q:12.96 aq:5.33 tex:80566 mv:1888 misc:426 imb:9 pmb:374 smb:92 d:- ref:0 ;
in:250 out:251 type:b dur:2 cpbdur:2 q:12.92 aq:13.06 tex:11323 mv:1578 misc:523 imb:1 pmb:262 smb:212 d:- ref:0 ;
in:252 out:252 type:P dur:2 cpbdur:2 q:12.97 aq:5.30 tex:51269 mv:1210 misc:489 imb:4 pmb:322 smb:149 d:- ref:0 ;
in:253 out:253 type:P dur:2 cpbdur:2 q:13.05 aq:5.55 tex:33909 mv:879 misc:572 imb:4 pmb:273 smb:198 d:- ref:0 ;
in:254 out:254 type:P dur:2 cpbdur:2 q:13.08 aq:5.75 tex:35027 mv:866 misc:539 imb:1 pmb:272 smb:202 d:- ref:0 ;
in:255 out:255 type:P dur:2 cpbdur:2 q:13.05 aq:5.67 tex:39307 mv:937 misc:516 imb:3 pmb:254 smb:218 d:- ref:0 ;
in:258 out:256 type:P dur:2 cpbdur:2 q:13.03 aq:5.96 tex:71471 mv:1551 misc:482 imb:9 pmb:281 smb:185 d:- ref:0 ;
in:256 out:257 type:B dur:2 cpbdur:2 q:13.04 aq:12.69 tex:13483 mv:1175 misc:422 imb:1 pmb:199 smb:275 d:- ref:0 ;
in:257 out:258 type:b dur:2 cpbdur:2 q:13.04 aq:13.82 tex:9995 mv:1069 misc:440 imb:0 pmb:180 smb:295 d:- ref:0 ;
in:262 out:259 type:P dur:2 cpbdur:2 q:13.02 aq:5.24 tex:247210 mv:3314 misc:132 imb:94 pmb:381 smb:0 d:- ref:0 ;
in:260 out:260 type:B dur:2 cpbdur:2 q:13.02 aq:10.58 tex:37090 mv:2330 misc:476 imb:4 pmb:327 smb:144 d:- ref:0 ;
in:259 out:261 type:b dur:2 cpbdur:2 q:13.03 aq:14.75 tex:8714 mv:1055 misc:479 imb:0 pmb:196 smb:279 d:- ref:0 ;
in:261 out:262 type:b dur:2 cpbdur:2 q:13.02 aq:12.68 tex:23919 mv:1918 misc:467 imb:2 pmb:311 smb:162 d:- ref:0 ;
in:266 out:263 type:P dur:2 cpbdur:2 q:13.39 aq:5.77 tex:106914 mv:2371 misc:307 imb:9 pmb:421 smb:45 d:- ref:0 ;
in:264 out:264 type:B dur:2 cpbdur:2 q:13.20 aq:11.09 tex:18442 mv:1936 misc:542 imb:1 pmb:275 smb:199 d:- ref:0 ;
in:263 out:265 type:b dur:2 cpbdur:2 q:13.11 aq:12.18 tex:9249 mv:1085 misc:506 imb:0 pmb:173 smb:302 d:- ref:0 ;
in:265 out:266 type:b dur:2 cpbdur:2 q:13.30 aq:12.99 tex:13091 mv:1545 misc:476 imb:1 pmb:274 smb:200 d:- ref:0 ;
in:270 out:267 type:P dur:2 cpbdur:2 q:13.39 aq:5.83 tex:127144 mv:2936 misc:232 imb:11 pmb:444 smb:20 d:- ref:0 ;
in:268 out:268 type:B dur:2 cpbdur:2 q:13.39 aq:10.85 tex:27193 mv:2857 misc:414 imb:1 pmb:384 smb:90 d:- ref:0 ;
in:267 out:269 type:b dur:2 cpbdur:2 q:13.39 aq:13.15 tex:12782 mv:1622 misc:516 imb:0 pmb:305 smb:170 d:- ref:0 ;
in:269 out:270 type:b dur:2 cpbdur:2 q:13.39 aq:13.44 tex:9868 mv:1539 misc:497 imb:0 pmb:301 smb:174 d:- ref:0 ;
in:272 out:271 type:P dur:2 cpbdur:2 q:13.43 aq:5.74 tex:84105 mv:1925 misc:378 imb:3 pmb:399 smb:73 d:- ref:0 ;
in:271 out:272 type:b dur:2 cpbdur:2 q:13.41 aq:13.48 tex:12390 mv:1432 misc:498 imb:1 pmb:264 smb:210 d:- ref:0 ;
in:273 out:273 type:P dur:2 cpbdur:2 q:13.47 aq:5.75 tex:46143 mv:1149 misc:468 imb:1 pmb:331 smb:143 d:- ref:0 ;
in:275 out:274 type:P dur:2 cpbdur:2 q:13.44 aq:5.70 tex:89404 mv:1883 misc:425 imb:6 pmb:358 smb:111 d:- ref:0 ;
in:274 out:275 type:b dur:2 cpbdur:2 q:13.46 aq:13.28 tex:10772 mv:1491 misc:521 imb:1 pmb:246 smb:228 d:- ref:0 ;
in:279 out:276 type:P dur:2 cpbdur:2 q:13.49 aq:5.63 tex:118727 mv:2298 misc:343 imb:12 pmb:392 smb:71 d:- ref:0 ;
in:277 out:277 type:B dur:2 cpbdur:2 q:13.47 aq:11.82 tex:26414 mv:1932 misc:478 imb:2 pmb:323 smb:150 d:- ref:0 ;
in:276 out:278 type:b dur:2 cpbdur:2 q:13.45 aq:13.98 tex:14062 mv:1320 misc:490 imb:1 pmb:270 smb:204 d:- ref:0 ;
in:278 out:279 type:b dur:2 cpbdur:2 q:13.48 aq:13.61 tex:9464 mv:1182 misc:490 imb:0 pmb:237 smb:238 d:- ref:0 ;
in:283 out:280 type:P dur:2 cpbdur:2 q:13.62 aq:6.11 tex:96122 mv:2193 misc:357 imb:10 pmb:385 smb:80 d:- ref:0 ;
in:281 out:281 type:B dur:2 cpbdur:2 q:13.56 aq:11.43 tex:19968 mv:1838 misc:490 imb:2 pmb:306 smb:167 d:- ref:0 ;
in:280 out:282 type:b dur:2 cpbdur:2 q:13.52 aq:13.61 tex:8627 mv:1107 misc:522 imb:0 pmb:238 smb:237 d:- ref:0 ;
in:282 out:283 type:b dur:2 cpbdur:2 q:13.59 aq:13.69 tex:8011 mv:959 misc:526 imb:0 pmb:216 smb:259 d:- ref:0 ;
in:287 out:284 type:P dur:2 cpbdur:2 q:13.55 aq:6.37 tex:88188 mv:2069 misc:383 imb:6 pmb:373 smb:96 d:- ref:0 ;
in:285 out:285 type:B dur:2 cpbdur:2 q:13.58 aq:11.26 tex:19045 mv:1822 misc:493 imb:0 pmb:321 smb:154 d:- ref:0 ;
in:284 out:286 type:b dur:2 cpbdur:2 q:13.60 aq:14.30 tex:5861 mv:1116 misc:503 imb:0 pmb:218 smb:257 d:- ref:0 ;
in:286 out:287 type:b dur:2 cpbdur:2 q:13.57 aq:15.39 tex:7558 mv:1073 misc:513 imb:0 pmb:222 smb:253 d:- ref:0 ;
in:291 out:288 type:P dur:2 cpbdur:2 q:13.53 aq:7.17 tex:68714 mv:1929 misc:437 imb:12 pmb:332 smb:131 d:- ref:0 ;
in:289 out:289 type:B dur:2 cpbdur:2 q:13.54 aq:11.68 tex:16550 mv:1566 misc:516 imb:0 pmb:251 smb:224 d:- ref:0 ;
in:288 out:290 type:b dur:2 cpbdur:2 q:13.54 aq:14.80 tex:7021 mv:994 misc:481 imb:0 pmb:185 smb:290 d:- ref:0 ;
in:290 out:291 type:b dur:2 cpbdur:2 q:13.54 aq:12.19 tex:5864 mv:835 misc:485 imb:0 pmb:140 smb:335 d:- ref:0 ;
in:295 out:292 type:P dur:2 cpbdur:2 q:13.38 aq:5.50 tex:254904 mv:3537 misc:127 imb:95 pmb:380 smb:0 d:- ref:0 ;
in:293 out:293 type:B dur:2 cpbdur:2 q:13.46 aq:10.16 tex:64881 mv:2783 misc:352 imb:6 pmb:376 smb:93 d:- ref:0 ;
in:292 out:294 type:b dur:2 cpbdur:2 q:13.50 aq:12.68 tex:20957 mv:1332 misc:519 imb:5 pmb:274 smb:196 d:- ref:0 ;
in:294 out:295 type:b dur:2 cpbdur:2 q:13.42 aq:13.07 tex:13583 mv:1636 misc:485 imb:0 pmb:287 smb:188 d:- ref:0 ;
in:299 out:296 type:P dur:2 cpbdur:2 q:13.76 aq:5.67 tex:106041 mv:2279 misc:264 imb:7 pmb:438 smb:30 d:- ref:0 ;
in:297 out:297 type:B dur:2 cpbdur:2 q:13.57 aq:12.12 tex:18272 mv:1647 misc:505 imb:1 pmb:309 smb:165 d:- ref:0 ;
in:296 out:298 type:b dur:2 cpbdur:2 q:13.47 aq:13.16 tex:10254 mv:1458 misc:512 imb:0 pmb:294 smb:181 d:- ref:0 ;
in:298 out:299 type:b dur:2 cpbdur:2 q:13.66 aq:13.93 tex:5228 mv:778 misc:530 imb:0 pmb:175 smb:300 d:- ref:0 ;
in:301 out:300 type:P dur:2 cpbdur:2 q:13.78 aq:5.59 tex:79600 mv:1627 misc:437 imb:2 pmb:389 smb:84 d:- ref:0 ;
in:300 out:301 type:b dur:2 cpbdur:2 q:13.77 aq:14.02 tex:7957 mv:1060 misc:519 imb:0 pmb:228 smb:247 d:- ref:0 ;
in:305 out:302 type:P dur:2 cpbdur:2 q:13.75 aq:5.99 tex:85863 mv:1886 misc:403 imb:3 pmb:395 smb:77 d:- ref:0 ;
in:303 out:303 type:B dur:2 cpbdur:2 q:13.76 aq:11.58 tex:23729 mv:1807 misc:528 imb:0 pmb:275 smb:200 d:- ref:0 ;
in:302 out:304 type:b dur:2 cpbdur:2 q:13.77 aq:13.47 tex:8914 mv:987 misc:499 imb:0 pmb:209 smb:266 d:- ref:0 ;
in:304 out:305 type:b dur:2 cpbdur:2 q:13.76 aq:13.09 tex:10289 mv:875 misc:468 imb:0 pmb:196 smb:279 d:- ref:0 ;
in:306 out:306 type:P dur:2 cpbdur:2 q:13.74 aq:5.82 tex:35003 mv:690 misc:539 imb:0 pmb:296 smb:179 d:- ref:0 ;
in:307 out:307 type:P dur:2 cpbdur:2 q:13.74 aq:6.13 tex:26988 mv:639 misc:557 imb:0 pmb:257 smb:218 d:- ref:0 ;
in:310 out:308 type:P dur:2 cpbdur:2 q:13.69 aq:6.40 tex:55240 mv:1289 misc:519 imb:15 pmb:317 smb:143 d:- ref:0 ;
in:308 out:309 type:B dur:2 cpbdur:2 q:13.73 aq:12.32 tex:11484 mv:1209 misc:547 imb:1 pmb:221 smb:253 d:- ref:0 ;
in:309 out:310 type:b dur:2 cpbdur:2 q:13.71 aq:14.98 tex:7934 mv:1016 misc:450 imb:1 pmb:142 smb:332 d:- ref:0 ;
in:314 out:311 type:P dur:2 cpbdur:2 q:13.59 aq:4.94 tex:139164 mv:3061 misc:255 imb:93 pmb:350 smb:32 d:- ref:0 ;
in:312 out:312 type:B dur:2 cpbdur:2 q:13.64 aq:11.95 tex:23215 mv:2516 misc:493 imb:9 pmb:296 smb:170 d:- ref:0 ;
in:311 out:313 type:b dur:2 cpbdur:2 q:13.67 aq:13.43 tex:9051 mv:1390 misc:535 imb:0 pmb:198 smb:277 d:- ref:0 ;
in:313 out:314 type:b dur:2 cpbdur:2 q:13.62 aq:12.28 tex:15295 mv:2682 misc:439 imb:9 pmb:340 smb:126 d:- ref:0 ;
in:315 out:315 type:P dur:2 cpbdur:2 q:13.71 aq:4.74 tex:63046 mv:1423 misc:403 imb:7 pmb:398 smb:70 d:- ref:0 ;
in:316 out:316 type:P dur:2 cpbdur:2 q:13.71 aq:4.72 tex:57736 mv:1447 misc:473 imb:7 pmb:366 smb:102 d:- ref:0 ;
in:320 out:317 type:P dur:2 cpbdur:2 q:13.70 aq:4.56 tex:116534 mv:2545 misc:329 imb:18 pmb:411 smb:46 d:- ref:0 ;
in:318 out:318 type:B dur:2 cpbdur:2 q:13.70 aq:10.98 tex:23382 mv:2219 misc:479 imb:7 pmb:326 smb:142 d:- ref:0 ;
in:317 out:319 type:b dur:2 cpbdur:2 q:13.71 aq:13.32 tex:10817 mv:1277 misc:522 imb:0 pmb:274 smb:201 d:- ref:0 ;
in:319 out:320 type:b dur:2 cpbdur:2 q:13.70 aq:13.07 tex:10851 mv:1305 misc:532 imb:2 pmb:234 smb:239 d:- ref:0 ;
in:324 out:321 type:P dur:2 cpbdur:2 q:13.82 aq:4.83 tex:92164 mv:2044 misc:360 imb:10 pmb:411 smb:54 d:- ref:0 ;
in:322 out:322 type:B dur:2 cpbdur:2 q:13.76 aq:10.89 tex:18844 mv:1718 misc:542 imb:1 pmb:274 smb:200 d:- ref:0 ;
in:321 out:323 type:b dur:2 cpbdur:2 q:13.73 aq:13.46 tex:7862 mv:844 misc:478 imb:2 pmb:169 smb:304 d:- ref:0 ;
in:323 out:324 type:b dur:2 cpbdur:2 q:13.79 aq:13.67 tex:9241 mv:1230 misc:553 imb:0 pmb:232 smb:243 d:- ref:0 ;
in:325 out:325 type:P dur:2 cpbdur:2 q:13.76 aq:4.79 tex:42239 mv:1004 misc:541 imb:3 pmb:318 smb:154 d:- ref:0 ;
in:328 out:326 type:P dur:2 cpbdur:2 q:13.75 aq:4.72 tex:71518 mv:1735 misc:483 imb:17 pmb:324 smb:134 d:- ref:0 ;
in:326 out:327 type:B dur:2 cpbdur:2 q:13.76 aq:12.37 tex:9923 mv:1287 misc:526 imb:1 pmb:190 smb:284 d:- ref:0 ;
in:327 out:328 type:b dur:2 cpbdur:2 q:13.75 aq:13.41 tex:9230 mv:1158 misc:500 imb:2 pmb:195 smb:278 d:- ref:0 ;
in:329 out:329 type:P dur:2 cpbdur:2 q:13.70 aq:4.59 tex:40360 mv:1012 misc:548 imb:6 pmb:292 smb:177 d:- ref:0 ;
in:333 out:330 type:P dur:2 cpbdur:2 q:13.71 aq:4.93 tex:70919 mv:1633 misc:488 imb:11 pmb:327 smb:137 d:- ref:0 ;
in:331 out:331 type:B dur:2 cpbdur:2 q:13.70 aq:11.92 tex:13745 mv:1300 misc:531 imb:2 pmb:227 smb:246 d:- ref:0 ;
in:330 out:332 type:b dur:2 cpbdur:2 q:13.70 aq:13.41 tex:6269 mv:873 misc:498 imb:0 pmb:174 smb:301 d:- ref:0 ;
in:332 out:333 type:b dur:2 cpbdur:2 q:13.71 aq:13.81 tex:6261 mv:869 misc:486 imb:0 pmb:142 smb:333 d:- ref:0 ;
in:337 out:334 type:P dur:2 cpbdur:2 q:13.63 aq:5.11 tex:63715 mv:1343 misc:526 imb:7 pmb:297 smb:171 d:- ref:0 ;
in:335 out:335 type:B dur:2 cpbdur:2 q:13.67 aq:11.59 tex:13785 mv:1190 misc:513 imb:1 pmb:203 smb:271 d:- ref:0 ;
in:334 out:336 type:b dur:2 cpbdur:2 q:13.69 aq:13.42 tex:7360 mv:723 misc:477 imb:0 pmb:156 smb:319 d:- ref:0 ;
in:336 out:337 type:b dur:2 cpbdur:2 q:13.65 aq:13.08 tex:6013 mv:670 misc:445 imb:0 pmb:137 smb:338 d:- ref:0 ;
in:340 out:338 type:P dur:2 cpbdur:2 q:13.51 aq:4.90 tex:74208 mv:1561 misc:455 imb:12 pmb:356 smb:107 d:- ref:0 ;
in:338 out:339 type:B dur:2 cpbdur:2 q:13.59 aq:12.08 tex:10071 mv:1090 misc:479 imb:1 pmb:167 smb:307 d:- ref:0 ;
in:339 out:340 type:b dur:2 cpbdur:2 q:13.55 aq:13.15 tex:7697 mv:1158 misc:497 imb:0 pmb:197 smb:278 d:- ref:0 ;
in:341 out:341 type:P dur:2 cpbdur:2 q:13.43 aq:4.86 tex:32631 mv:666 misc:567 imb:0 pmb:272 smb:203 d:- ref:0 ;
in:345 out:342 type:P dur:2 cpbdur:2 q:13.45 aq:5.45 tex:69219 mv:1552 misc:477 imb:2 pmb:343 smb:130 d:- ref:0 ;
in:343 out:343 type:B dur:2 cpbdur:2 q:13.44 aq:11.15 tex:13284 mv:1264 misc:524 imb:0 pmb:231 smb:244 d:- ref:0 ;
in:342 out:344 type:b dur:2 cpbdur:2 q:13.43 aq:13.80 tex:5381 mv:698 misc:449 imb:0 pmb:155 smb:320 d:- ref:0 ;
in:344 out:345 type:b dur:2 cpbdur:2 q:13.44 aq:13.05 tex:6017 mv:712 misc:495 imb:0 pmb:173 smb:302 d:- ref:0 ;
in:347 out:346 type:P dur:2 cpbdur:2 q:13.36 aq:5.36 tex:71353 mv:1714 misc:461 imb:5 pmb:350 smb:120 d:- ref:0 ;
in:346 out:347 type:b dur:2 cpbdur:2 q:13.40 aq:13.30 tex:8254 mv:1345 misc:521 imb:1 pmb:236 smb:238 d:- ref:0 ;
in:348 out:348 type:P dur:2 cpbdur:2 q:13.33 aq:5.52 tex:36928 mv:751 misc:545 imb:4 pmb:273 smb:198 d:- ref:0 ;
in:350 out:349 type:P dur:2 cpbdur:2 q:13.29 aq:5.60 tex:45233 mv:997 misc:570 imb:3 pmb:265 smb:207 d:- ref:0 ;
in:349 out:350 type:b dur:2 cpbdur:2 q:13.31 aq:12.48 tex:5790 mv:802 misc:520 imb:1 pmb:156 smb:318 d:- ref:0 ;
in:354 out:351 type:P dur:2 cpbdur:2 q:13.26 aq:4.51 tex:223731 mv:2638 misc:119 imb:65 pmb:410 smb:0 d:- ref:0 ;
in:352 out:352 type:B dur:2 cpbdur:2 q:13.28 aq:11.01 tex:21607 mv:1605 misc:516 imb:2 pmb:267 smb:206 d:- ref:0 ;
in:351 out:353 type:b dur:2 cpbdur:2 q:13.29 aq:12.55 tex:8181 mv:790 misc:485 imb:1 pmb:182 smb:292 d:- ref:0 ;
in:353 out:354 type:b dur:2 cpbdur:2 q:13.27 aq:12.85 tex:5722 mv:701 misc:537 imb:0 pmb:188 smb:287 d:- ref:0 ;
in:358 out:355 type:P dur:2 cpbdur:2 q:13.53 aq:4.83 tex:91525 mv:2056 misc:315 imb:4 pmb:428 smb:43 d:- ref:0 ;
in:356 out:356 type:B dur:2 cpbdur:2 q:13.40 aq:10.74 tex:13808 mv:1465 misc:543 imb:2 pmb:304 smb:169 d:- ref:0 ;
in:355 out:357 type:b dur:2 cpbdur:2 q:13.33 aq:13.00 tex:7309 mv:848 misc:547 imb:0 pmb:228 smb:247 d:- ref:0 ;
in:357 out:358 type:b dur:2 cpbdur:2 q:13.46 aq:13.83 tex:5355 mv:827 misc:530 imb:0 pmb:194 smb:281 d:- ref:0 ;
in:362 out:359 type:P dur:2 cpbdur:2 q:13.44 aq:4.91 tex:79985 mv:1794 misc:405 imb:10 pmb:373 smb:92 d:- ref:0 ;
in:360 out:360 type:B dur:2 cpbdur:2 q:13.49 aq:11.56 tex:12551 mv:1366 misc:563 imb:0 pmb:261 smb:214 d:- ref:0 ;
in:359 out:361 type:b dur:2 cpbdur:2 q:13.51 aq:13.03 tex:7070 mv:794 misc:528 imb:0 pmb:189 smb:286 d:- ref:0 ;
in:361 out:362 type:b dur:2 cpbdur:2 q:13.46 aq:13.41 tex:6031 mv:772 misc:517 imb:0 pmb:179 smb:296 d:- ref:0 ;
in:366 out:363 type:P dur:2 cpbdur:2 q:13.37 aq:5.55 tex:52591 mv:1299 misc:494 imb:4 pmb:323 smb:148 d:- ref:0 ;
in:364 out:364 type:B dur:2 cpbdur:2 q:13.40 aq:11.66 tex:8888 mv:949 misc:547 imb:0 pmb:218 smb:257 d:- ref:0 ;
in:363 out:365 type:b dur:2 cpbdur:2 q:13.42 aq:13.20 tex:4107 mv:503 misc:478 imb:0 pmb:136 smb:339 d:- ref:0 ;
in:365 out:366 type:b dur:2 cpbdur:2 q:13.38 aq:13.44 tex:5491 mv:618 misc:475 imb:0 pmb:162 smb:313 d:- ref:0 ;
in:368 out:367 type:P dur:2 cpbdur:2 q:13.21 aq:5.68 tex:45188 mv:1185 misc:515 imb:4 pmb:319 smb:152 d:- ref:0 ;
in:367 out:368 type:b dur:2 cpbdur:2 q:13.29 aq:12.65 tex:4340 mv:675 misc:537 imb:0 pmb:190 smb:285 d:- ref:0 ;
in:372 out:369 type:P dur:2 cpbdur:2 q:13.16 aq:6.41 tex:50256 mv:1430 misc:522 imb:5 pmb:336 smb:134 d:- ref:0 ;
in:370 out:370 type:B dur:2 cpbdur:2 q:13.18 aq:10.88 tex:10294 mv:1246 misc:564 imb:0 pmb:256 smb:219 d:- ref:0 ;
in:369 out:371 type:b dur:2 cpbdur:2 q:13.20 aq:12.48 tex:3766 mv:498 misc:504 imb:0 pmb:148 smb:327 d:- ref:0 ;
in:371 out:372 type:b dur:2 cpbdur:2 q:13.17 aq:12.29 tex:4239 mv:751 misc:538 imb:0 pmb:181 smb:294 d:- ref:0 ;
in:376 out:373 type:P dur:2 cpbdur:2 q:13.01 aq:7.99 tex:22419 mv:1241 misc:540 imb:6 pmb:262 smb:207 d:- ref:0 ;
in:374 out:374 type:B dur:2 cpbdur:2 q:13.08 aq:10.79 tex:5389 mv:791 misc:564 imb:1 pmb:201 smb:273 d:- ref:0 ;
in:373 out:375 type:b dur:2 cpbdur:2 q:13.12 aq:12.96 tex:3000 mv:504 misc:528 imb:0 pmb:169 smb:306 d:- ref:0 ;
in:375 out:376 type:b dur:2 cpbdur:2 q:13.05 aq:12.37 tex:1714 mv:317 misc:441 imb:1 pmb:95 smb:379 d:- ref:0 ;
in:378 out:377 type:P dur:2 cpbdur:2 q:12.81 aq:10.04 tex:9904 mv:1006 misc:562 imb:18 pmb:199 smb:258 d:- ref:0 ;
in:377 out:378 type:b dur:2 cpbdur:2 q:12.91 aq:10.86 tex:2746 mv:639 misc:535 imb:1 pmb:192 smb:282 d:- ref:0 ;
in:379 out:379 type:I dur:2 cpbdur:2 q:10.37 aq:1.76 tex:218922 mv:17406 misc:400 imb:475 pmb:0 smb:0 d:- ref:;
in:383 out:380 type:P dur:2 cpbdur:2 q:13.17 aq:3.59 tex:99262 mv:2930 misc:184 imb:18 pmb:445 smb:12 d:- ref:0 ;
in:381 out:381 type:B dur:2 cpbdur:2 q:13.17 aq:10.06 tex:13266 mv:2288 misc:414 imb:1 pmb:409 smb:65 d:- ref:0 ;
in:380 out:382 type:b dur:2 cpbdur:2 q:13.17 aq:11.89 tex:7181 mv:1617 misc:490 imb:2 pmb:348 smb:125 d:- ref:0 ;
in:382 out:383 type:b dur:2 cpbdur:2 q:13.17 aq:11.98 tex:4756 mv:958 misc:566 imb:1 pmb:255 smb:219 d:- ref:0 ;
in:387 out:384 type:P dur:2 cpbdur:2 q:12.96 aq:3.39 tex:67315 mv:1603 misc:394 imb:5 pmb:386 smb:84 d:- ref:0 ;
in:385 out:385 type:B dur:2 cpbdur:2 q:13.06 aq:11.16 tex:6512 mv:991 misc:537 imb:0 pmb:243 smb:232 d:- ref:0 ;
in:384 out:386 type:b dur:2 cpbdur:2 q:13.11 aq:11.81 tex:2777 mv:468 misc:539 imb:0 pmb:182 smb:293 d:- ref:0 ;
in:386 out:387 type:b dur:2 cpbdur:2 q:13.01 aq:12.39 tex:3896 mv:553 misc:559 imb:0 pmb:184 smb:291 d:- ref:0 ;
in:390 out:388 type:P dur:2 cpbdur:2 q:12.84 aq:3.40 tex:75112 mv:1822 misc:378 imb:6 pmb:407 smb:62 d:- ref:0 ;
in:388 out:389 type:B dur:2 cpbdur:2 q:12.92 aq:11.09 tex:6196 mv:1021 misc:567 imb:0 pmb:271 smb:204 d:- ref:0 ;
in:389 out:390 type:b dur:2 cpbdur:2 q:12.88 aq:11.25 tex:4082 mv:852 misc:578 imb:1 pmb:232 smb:242 d:- ref:0 ;
in:394 out:391 type:P dur:2 cpbdur:2 q:12.74 aq:3.32 tex:67351 mv:1498 misc:495 imb:4 pmb:347 smb:124 d:- ref:0 ;
in:392 out:392 type:B dur:2 cpbdur:2 q:12.79 aq:9.88 tex:7169 mv:1062 misc:553 imb:0 pmb:229 smb:246 d:- ref:0 ;
in:391 out:393 type:b dur:2 cpbdur:2 q:12.81 aq:11.55 tex:3287 mv:685 misc:540 imb:0 pmb:181 smb:294 d:- ref:0 ;
in:393 out:394 type:b dur:2 cpbdur:2 q:12.76 aq:11.67 tex:3196 mv:481 misc:515 imb:0 pmb:166 smb:309 d:- ref:0 ;
in:395 out:395 type:P dur:2 cpbdur:2 q:12.77 aq:3.50 tex:27073 mv:534 misc:585 imb:0 pmb:246 smb:229 d:- ref:0 ;
in:399 out:396 type:P dur:2 cpbdur:2 q:12.74 aq:3.80 tex:47707 mv:1235 misc:530 imb:1 pmb:310 smb:164 d:- ref:0 ;
in:397 out:397 type:B dur:2 cpbdur:2 q:12.76 aq:10.07 tex:5847 mv:723 misc:558 imb:0 pmb:204 smb:271 d:- ref:0 ;
in:396 out:398 type:b dur:2 cpbdur:2 q:12.76 aq:11.23 tex:2279 mv:427 misc:502 imb:0 pmb:136 smb:339 d:- ref:0 ;
in:398 out:399 type:b dur:2 cpbdur:2 q:12.75 aq:11.54 tex:2823 mv:473 misc:536 imb:0 pmb:164 smb:311 d:- ref:0 ;
in:403 out:400 type:P dur:2 cpbdur:2 q:12.48 aq:3.76 tex:64120 mv:1682 misc:462 imb:7 pmb:355 smb:113 d:- ref:0 ;
in:401 out:401 type:B dur:2 cpbdur:2 q:12.61 aq:9.74 tex:7366 mv:1156 misc:574 imb:0 pmb:260 smb:215 d:- ref:0 ;
in:400 out:402 type:b dur:2 cpbdur:2 q:12.68 aq:11.16 tex:3644 mv:704 misc:556 imb:0 pmb:203 smb:272 d:- ref:0 ;
in:402 out:403 type:b dur:2 cpbdur:2 q:12.54 aq:11.37 tex:2811 mv:486 misc:551 imb:0 pmb:170 smb:305 d:- ref:0 ;
in:405 out:404 type:P dur:2 cpbdur:2 q:12.46 aq:3.95 tex:40918 mv:1001 misc:545 imb:1 pmb:318 smb:156 d:- ref:0 ;
in:404 out:405 type:b dur:2 cpbdur:2 q:12.47 aq:11.86 tex:2248 mv:514 misc:550 imb:0 pmb:179 smb:296 d:- ref:0 ;
in:409 out:406 type:P dur:2 cpbdur:2 q:12.27 aq:4.68 tex:47295 mv:1296 misc:497 imb:3 pmb:272 smb:200 d:- ref:0 ;
in:407 out:407 type:B dur:2 cpbdur:2 q:12.37 aq:10.58 tex:5704 mv:857 misc:479 imb:0 pmb:184 smb:291 d:- ref:0 ;
in:406 out:408 type:b dur:2 cpbdur:2 q:12.41 aq:10.54 tex:1955 mv:515 misc:474 imb:0 pmb:134 smb:341 d:- ref:0 ;
in:408 out:409 type:b dur:2 cpbdur:2 q:12.32 aq:11.38 tex:2633 mv:594 misc:445 imb:0 pmb:140 smb:335 d:- ref:0 ;
in:413 out:410 type:P dur:2 cpbdur:2 q:12.13 aq:4.07 tex:215514 mv:2566 misc:136 imb:37 pmb:437 smb:1 d:- ref:0 ;
in:411 out:411 type:B dur:2 cpbdur:2 q:12.20 aq:10.43 tex:9319 mv:986 misc:519 imb:0 pmb:189 smb:286 d:- ref:0 ;
in:410 out:412 type:b dur:2 cpbdur:2 q:12.24 aq:11.40 tex:2248 mv:451 misc:501 imb:0 pmb:126 smb:349 d:- ref:0 ;
in:412 out:413 type:b dur:2 cpbdur:2 q:12.17 aq:11.03 tex:9507 mv:1149 misc:520 imb:2 pmb:225 smb:248 d:- ref:0 ;
in:417 out:414 type:P dur:2 cpbdur:2 q:12.40 aq:4.81 tex:59501 mv:1703 misc:468 imb:3 pmb:360 smb:112 d:- ref:0 ;
in:415 out:415 type:B dur:2 cpbdur:2 q:12.27 aq:9.73 tex:8052 mv:1203 misc:537 imb:0 pmb:232 smb:243 d:- ref:0 ;
in:414 out:416 type:b dur:2 cpbdur:2 q:12.20 aq:10.45 tex:2573 mv:517 misc:518 imb:0 pmb:150 smb:325 d:- ref:0 ;
in:416 out:417 type:b dur:2 cpbdur:2 q:12.33 aq:10.94 tex:3778 mv:721 misc:485 imb:0 pmb:164 smb:311 d:- ref:0 ;
in:421 out:418 type:P dur:2 cpbdur:2 q:12.13 aq:5.54 tex:41595 mv:1364 misc:545 imb:6 pmb:299 smb:170 d:- ref:0 ;
in:419 out:419 type:B dur:2 cpbdur:2 q:12.27 aq:9.71 tex:5847 mv:952 misc:545 imb:0 pmb:199 smb:276 d:- ref:0 ;
in:418 out:420 type:b dur:2 cpbdur:2 q:12.33 aq:11.29 tex:2268 mv:512 misc:476 imb:0 pmb:129 smb:346 d:- ref:0 ;
in:420 out:421 type:b dur:2 cpbdur:2 q:12.20 aq:11.19 tex:2335 mv:484 misc:501 imb:0 pmb:134 smb:341 d:- ref:0 ;
in:425 out:422 type:P dur:2 cpbdur:2 q:12.07 aq:9.08 tex:14494 mv:1003 misc:495 imb:3 pmb:172 smb:300 d:- ref:0 ;
in:423 out:423 type:B dur:2 cpbdur:2 q:12.10 aq:9.40 tex:4958 mv:637 misc:477 imb:0 pmb:150 smb:325 d:- ref:0 ;
in:422 out:424 type:b dur:2 cpbdur:2 q:12.11 aq:10.83 tex:1600 mv:355 misc:373 imb:0 pmb:75 smb:400 d:- ref:0 ;
in:424 out:425 type:b dur:2 cpbdur:2 q:12.08 aq:11.67 tex:1741 mv:351 misc:420 imb:0 pmb:115 smb:360 d:- ref:0 ;
in:426 out:426 type:P dur:2 cpbdur:2 q:11.73 aq:8.20 tex:11108 mv:899 misc:505 imb:16 pmb:149 smb:310 d:- ref:0 ;
in:427 out:427 type:I dur:2 cpbdur:2 q:9.51 aq:2.47 tex:207984 mv:16926 misc:402 imb:475 pmb:0 smb:0 d:- ref:;
in:431 out:428 type:P dur:2 cpbdur:2 q:12.11 aq:4.12 tex:146264 mv:3674 misc:150 imb:36 pmb:434 smb:5 d:- ref:0 ;
in:429 out:429 type:B dur:2 cpbdur:2 q:12.11 aq:9.05 tex:32449 mv:3499 misc:340 imb:4 pmb:418 smb:53 d:- ref:0 ;
in:428 out:430 type:b dur:2 cpbdur:2 q:12.11 aq:10.78 tex:18106 mv:2748 misc:442 imb:6 pmb:375 smb:94 d:- ref:0 ;
in:430 out:431 type:b dur:2 cpbdur:2 q:12.11 aq:10.27 tex:13180 mv:2113 misc:515 imb:3 pmb:325 smb:147 d:- ref:0 ;
in:432 out:432 type:P dur:2 cpbdur:2 q:12.02 aq:3.74 tex:63007 mv:1609 misc:448 imb:3 pmb:374 smb:98 d:- ref:0 ;
in:436 out:433 type:P dur:2 cpbdur:2 q:12.05 aq:3.92 tex:172759 mv:3181 misc:228 imb:42 pmb:412 smb:21 d:- ref:0 ;
in:434 out:434 type:B dur:2 cpbdur:2 q:12.03 aq:8.90 tex:31832 mv:2748 misc:508 imb:6 pmb:341 smb:128 d:- ref:0 ;
in:433 out:435 type:b dur:2 cpbdur:2 q:12.03 aq:11.03 tex:13104 mv:1529 misc:495 imb:1 pmb:197 smb:277 d:- ref:0 ;
in:435 out:436 type:b dur:2 cpbdur:2 q:12.04 aq:10.77 tex:18280 mv:2610 misc:462 imb:3 pmb:342 smb:130 d:- ref:0 ;
in:440 out:437 type:P dur:2 cpbdur:2 q:12.29 aq:3.97 tex:111040 mv:2409 misc:343 imb:14 pmb:406 smb:55 d:- ref:0 ;
in:438 out:438 type:B dur:2 cpbdur:2 q:12.17 aq:9.50 tex:22379 mv:2008 misc:517 imb:2 pmb:323 smb:150 d:- ref:0 ;
in:437 out:439 type:b dur:2 cpbdur:2 q:12.11 aq:11.19 tex:9835 mv:1262 misc:519 imb:0 pmb:234 smb:241 d:- ref:0 ;
in:439 out:440 type:b dur:2 cpbdur:2 q:12.23 aq:11.84 tex:11402 mv:1383 misc:527 imb:1 pmb:234 smb:240 d:- ref:0 ;
in:444 out:441 type:P dur:2 cpbdur:2 q:12.22 aq:4.05 tex:132518 mv:2786 misc:256 imb:23 pmb:426 smb:26 d:- ref:0 ;
in:442 out:442 type:B dur:2 cpbdur:2 q:12.26 aq:9.74 tex:25262 mv:2342 misc:460 imb:2 pmb:349 smb:124 d:- ref:0 ;
in:441 out:443 type:b dur:2 cpbdur:2 q:12.27 aq:11.42 tex:14080 mv:1759 misc:505 imb:0 pmb:291 smb:184 d:- ref:0 ;
in:443 out:444 type:b dur:2 cpbdur:2 q:12.24 aq:12.07 tex:9684 mv:1117 misc:511 imb:1 pmb:217 smb:257 d:- ref:0 ;
in:448 out:445 type:P dur:2 cpbdur:2 q:12.26 aq:4.12 tex:90115 mv:2010 misc:435 imb:10 pmb:373 smb:92 d:- ref:0 ;
in:446 out:446 type:B dur:2 cpbdur:2 q:12.24 aq:9.68 tex:17602 mv:1498 misc:540 imb:0 pmb:259 smb:216 d:- ref:0 ;
in:445 out:447 type:b dur:2 cpbdur:2 q:12.23 aq:11.71 tex:10656 mv:1096 misc:464 imb:0 pmb:175 smb:300 d:- ref:0 ;
in:447 out:448 type:b dur:2 cpbdur:2 q:12.25 aq:12.15 tex:10315 mv:990 misc:495 imb:1 pmb:198 smb:276 d:- ref:0 ;
in:452 out:449 type:P dur:2 cpbdur:2 q:12.23 aq:4.17 tex:109657 mv:2406 misc:329 imb:9 pmb:410 smb:56 d:- ref:0 ;
in:450 out:450 type:B dur:2 cpbdur:2 q:12.25 aq:9.51 tex:24640 mv:2170 misc:494 imb:4 pmb:324 smb:147 d:- ref:0 ;
in:449 out:451 type:b dur:2 cpbdur:2 q:12.25 aq:11.38 tex:9499 mv:1366 misc:527 imb:0 pmb:213 smb:262 d:- ref:0 ;
in:451 out:452 type:b dur:2 cpbdur:2 q:12.24 aq:11.53 tex:11466 mv:1396 misc:522 imb:1 pmb:266 smb:208 d:- ref:0 ;
in:456 out:453 type:P dur:2 cpbdur:2 q:12.22 aq:4.51 tex:90184 mv:2156 misc:436 imb:13 pmb:364 smb:98 d:- ref:0 ;
in:454 out:454 type:B dur:2 cpbdur:2 q:12.23 aq:9.76 tex:22724 mv:1932 misc:512 imb:2 pmb:262 smb:211 d:- ref:0 ;
in:453 out:455 type:b dur:2 cpbdur:2 q:12.23 aq:11.39 tex:9412 mv:1291 misc:441 imb:0 pmb:173 smb:302 d:- ref:0 ;
in:455 out:456 type:b dur:2 cpbdur:2 q:12.22 aq:11.94 tex:11008 mv:1477 misc:499 imb:1 pmb:211 smb:263 d:- ref:0 ;
in:459 out:457 type:P dur:2 cpbdur:2 q:12.20 aq:5.17 tex:77752 mv:1820 misc:492 imb:22 pmb:304 smb:149 d:- ref:0 ;
in:457 out:458 type:B dur:2 cpbdur:2 q:12.21 aq:11.00 tex:18280 mv:1530 misc:470 imb:6 pmb:178 smb:291 d:- ref:0 ;
in:458 out:459 type:b dur:2 cpbdur:2 q:12.20 aq:12.10 tex:18178 mv:1649 misc:413 imb:8 pmb:175 smb:292 d:- ref:0 ;
in:460 out:460 type:P dur:2 cpbdur:2 q:12.17 aq:5.43 tex:45581 mv:1280 misc:515 imb:4 pmb:266 smb:205 d:- ref:0 ;
in:461 out:461 type:P dur:2 cpbdur:2 q:12.19 aq:5.03 tex:49279 mv:1302 misc:499 imb:6 pmb:252 smb:217 d:- ref:0 ;
in:463 out:462 type:P dur:2 cpbdur:2 q:12.20 aq:5.25 tex:64079 mv:1600 misc:529 imb:9 pmb:279 smb:187 d:- ref:0 ;
in:462 out:463 type:b dur:2 cpbdur:2 q:12.19 aq:11.99 tex:14854 mv:1585 misc:457 imb:1 pmb:191 smb:283 d:- ref:0 ;
in:464 out:464 type:P dur:2 cpbdur:2 q:12.21 aq:5.66 tex:39654 mv:1271 misc:475 imb:9 pmb:249 smb:217 d:- ref:0 ;
in:468 out:465 type:P dur:2 cpbdur:2 q:12.22 aq:5.58 tex:168263 mv:3635 misc:206 imb:51 pmb:405 smb:19 d:- ref:0 ;
in:466 out:466 type:B dur:2 cpbdur:2 q:12.21 aq:9.68 tex:44067 mv:3999 misc:326 imb:9 pmb:400 smb:66 d:- ref:0 ;
in:465 out:467 type:b dur:2 cpbdur:2 q:12.21 aq:11.72 tex:16286 mv:2293 misc:461 imb:4 pmb:288 smb:183 d:- ref:0 ;
in:467 out:468 type:b dur:2 cpbdur:2 q:12.21 aq:11.53 tex:29419 mv:3306 misc:411 imb:8 pmb:367 smb:100 d:- ref:0 ;
in:472 out:469 type:P dur:2 cpbdur:2 q:12.35 aq:5.35 tex:171991 mv:3609 misc:224 imb:60 pmb:394 smb:21 d:- ref:0 ;
in:470 out:470 type:B dur:2 cpbdur:2 q:12.28 aq:9.85 tex:53254 mv:4114 misc:368 imb:8 pmb:387 smb:80 d:- ref:0 ;
in:469 out:471 type:b dur:2 cpbdur:2 q:12.25 aq:11.74 tex:28091 mv:2824 misc:445 imb:7 pmb:331 smb:137 d:- ref:0 ;
in:471 out:472 type:b dur:2 cpbdur:2 q:12.31 aq:12.09 tex:21654 mv:2623 misc:475 imb:3 pmb:302 smb:170 d:- ref:0 ;
in:474 out:473 type:P dur:2 cpbdur:2 q:12.55 aq:5.38 tex:109660 mv:2540 misc:384 imb:22 pmb:388 smb:65 d:- ref:0 ;
in:473 out:474 type:b dur:2 cpbdur:2 q:12.45 aq:12.07 tex:21937 mv:2590 misc:481 imb:3 pmb:263 smb:209 d:- ref:0 ;
in:475 out:475 type:P dur:2 cpbdur:2 q:12.64 aq:5.46 tex:67559 mv:1805 misc:452 imb:14 pmb:336 smb:125 d:- ref:0 ;
in:476 out:476 type:P dur:2 cpbdur:2 q:12.65 aq:5.22 tex:59341 mv:1464 misc:475 imb:4 pmb:314 smb:157 d:- ref:0 ;
in:477 out:477 type:P dur:2 cpbdur:2 q:12.71 aq:5.20 tex:58650 mv:1575 misc:471 imb:5 pmb:317 smb:153 d:- ref:0 ;
in:478 out:478 type:P dur:2 cpbdur:2 q:12.73 aq:5.19 tex:64439 mv:1555 misc:486 imb:8 pmb:300 smb:167 d:- ref:0 ;
in:480 out:479 type:P dur:2 cpbdur:2 q:12.76 aq:5.22 tex:85633 mv:1909 misc:458 imb:8 pmb:325 smb:142 d:- ref:0 ;
in:479 out:480 type:b dur:2 cpbdur:2 q:12.74 aq:12.84 tex:14317 mv:1931 misc:416 imb:0 pmb:225 smb:250 d:- ref:0 ;
in:484 out:481 type:P dur:2 cpbdur:2 q:12.79 aq:5.91 tex:108345 mv:2157 misc:386 imb:10 pmb:367 smb:98 d:- ref:0 ;
in:482 out:482 type:B dur:2 cpbdur:2 q:12.78 aq:10.87 tex:24666 mv:2258 misc:484 imb:1 pmb:307 smb:167 d:- ref:0 ;
in:481 out:483 type:b dur:2 cpbdur:2 q:12.77 aq:12.56 tex:12700 mv:1406 misc:390 imb:0 pmb:221 smb:254 d:- ref:0 ;
in:483 out:484 type:b dur:2 cpbdur:2 q:12.78 aq:12.66 tex:11227 mv:1433 misc:524 imb:1 pmb:266 smb:208 d:- ref:0 ;
in:486 out:485 type:P dur:2 cpbdur:2 q:12.87 aq:5.95 tex:66318 mv:1373 misc:461 imb:3 pmb:313 smb:159 d:- ref:0 ;
in:485 out:486 type:b dur:2 cpbdur:2 q:12.83 aq:12.70 tex:10382 mv:1203 misc:439 imb:0 pmb:217 smb:258 d:- ref:0 ;
in:489 out:487 type:P dur:2 cpbdur:2 q:12.85 aq:5.25 tex:247119 mv:2730 misc:135 imb:52 pmb:423 smb:0 d:- ref:0 ;
in:487 out:488 type:B dur:2 cpbdur:2 q:12.86 aq:10.72 tex:36305 mv:1668 misc:467 imb:0 pmb:288 smb:187 d:- ref:0 ;
in:488 out:489 type:b dur:2 cpbdur:2 q:12.86 aq:12.15 tex:7322 mv:1109 misc:481 imb:0 pmb:229 smb:246 d:- ref:0 ;
in:492 out:490 type:P dur:2 cpbdur:2 q:12.90 aq:5.54 tex:75676 mv:1690 misc:378 imb:1 pmb:397 smb:77 d:- ref:0 ;
in:490 out:491 type:B dur:2 cpbdur:2 q:12.87 aq:11.83 tex:6879 mv:1181 misc:508 imb:0 pmb:207 smb:268 d:- ref:0 ;
in:491 out:492 type:b dur:2 cpbdur:2 q:12.88 aq:12.17 tex:6615 mv:1097 misc:464 imb:0 pmb:182 smb:293 d:- ref:0 ;
in:496 out:493 type:P dur:2 cpbdur:2 q:13.03 aq:5.95 tex:128264 mv:2971 misc:269 imb:14 pmb:425 smb:36 d:- ref:0 ;
in:494 out:494 type:B dur:2 cpbdur:2 q:12.97 aq:10.69 tex:31843 mv:3010 misc:411 imb:0 pmb:377 smb:98 d:- ref:0 ;
in:493 out:495 type:b dur:2 cpbdur:2 q:12.93 aq:13.21 tex:14333 mv:1769 misc:490 imb:0 pmb:272 smb:203 d:- ref:0 ;
in:495 out:496 type:b dur:2 cpbdur:2 q:13.00 aq:12.56 tex:15162 mv:1950 misc:520 imb:0 pmb:309 smb:166 d:- ref:0 ;
in:499 out:497 type:P dur:2 cpbdur:2 q:13.12 aq:5.98 tex:124829 mv:2738 misc:225 imb:12 pmb:441 smb:22 d:- ref:0 ;
in:497 out:498 type:B dur:2 cpbdur:2 q:13.06 aq:11.40 tex:21269 mv:2725 misc:470 imb:0 pmb:335 smb:140 d:- ref:0 ;
in:498 out:499 type:b dur:2 cpbdur:2 q:13.09 aq:13.05 tex:16586 mv:2098 misc:476 imb:0 pmb:326 smb:149 d:- ref:0 ;
in:501 out:500 type:P dur:2 cpbdur:2 q:13.14 aq:6.05 tex:92725 mv:2244 misc:367 imb:11 pmb:385 smb:79 d:- ref:0 ;
in:500 out:501 type:b dur:2 cpbdur:2 q:13.13 aq:12.71 tex:18017 mv:2220 misc:459 imb:0 pmb:271 smb:204 d:- ref:0 ;
in:502 out:502 type:P dur:2 cpbdur:2 q:13.22 aq:6.04 tex:62750 mv:1763 misc:455 imb:7 pmb:340 smb:128 d:- ref:0 ;
in:503 out:503 type:P dur:2 cpbdur:2 q:13.25 aq:5.78 tex:60775 mv:1889 misc:464 imb:11 pmb:322 smb:142 d:- ref:0 ;
in:504 out:504 type:P dur:2 cpbdur:2 q:13.31 aq:5.74 tex:63465 mv:1950 misc:449 imb:13 pmb:334 smb:128 d:- ref:0 ;
in:505 out:505 type:P dur:2 cpbdur:2 q:13.35 aq:5.61 tex:58649 mv:1743 misc:472 imb:13 pmb:317 smb:145 d:- ref:0 ;
in:509 out:506 type:P dur:2 cpbdur:2 q:13.37 aq:5.95 tex:95014 mv:2519 misc:395 imb:20 pmb:327 smb:128 d:- ref:0 ;
in:507 out:507 type:B dur:2 cpbdur:2 q:13.36 aq:11.19 tex:28539 mv:2700 misc:449 imb:4 pmb:271 smb:200 d:- ref:0 ;
in:506 out:508 type:b dur:2 cpbdur:2 q:13.35 aq:12.92 tex:13082 mv:1979 misc:443 imb:0 pmb:229 smb:246 d:- ref:0 ;
in:508 out:509 type:b dur:2 cpbdur:2 q:13.37 aq:12.84 tex:12039 mv:1760 misc:409 imb:2 pmb:220 smb:253 d:- ref:0 ;
in:510 out:510 type:P dur:2 cpbdur:2 q:13.37 aq:6.28 tex:50199 mv:1461 misc:452 imb:8 pmb:288 smb:179 d:- ref:0 ;
in:512 out:511 type:P dur:2 cpbdur:2 q:13.40 aq:5.96 tex:82954 mv:2102 misc:400 imb:14 pmb:320 smb:141 d:- ref:0 ;
in:511 out:512 type:b dur:2 cpbdur:2 q:13.38 aq:12.94 tex:14816 mv:2113 misc:447 imb:2 pmb:235 smb:238 d:- ref:0 ;
in:513 out:513 type:P dur:2 cpbdur:2 q:13.38 aq:5.82 tex:54606 mv:1344 misc:466 imb:5 pmb:260 smb:210 d:- ref:0 ;
in:515 out:514 type:P dur:2 cpbdur:2 q:13.40 aq:5.83 tex:80159 mv:1926 misc:435 imb:3 pmb:313 smb:159 d:- ref:0 ;
in:514 out:515 type:b dur:2 cpbdur:2 q:13.39 aq:13.05 tex:13826 mv:1727 misc:455 imb:0 pmb:227 smb:248 d:- ref:0 ;
in:517 out:516 type:P dur:2 cpbdur:2 q:13.42 aq:5.75 tex:126587 mv:2574 misc:223 imb:18 pmb:433 smb:24 d:- ref:0 ;
in:516 out:517 type:b dur:2 cpbdur:2 q:13.41 aq:12.91 tex:15625 mv:2028 misc:491 imb:1 pmb:348 smb:126 d:- ref:0 ;
in:521 out:518 type:P dur:2 cpbdur:2 q:13.48 aq:5.89 tex:127018 mv:2446 misc:184 imb:22 pmb:440 smb:13 d:- ref:0 ;
in:519 out:519 type:B dur:2 cpbdur:2 q:13.45 aq:10.76 tex:19993 mv:2092 misc:491 imb:1 pmb:326 smb:148 d:- ref:0 ;
in:518 out:520 type:b dur:2 cpbdur:2 q:13.44 aq:13.16 tex:8977 mv:1196 misc:547 imb:0 pmb:270 smb:205 d:- ref:0 ;
in:520 out:521 type:b dur:2 cpbdur:2 q:13.47 aq:13.30 tex:7484 mv:1036 misc:488 imb:0 pmb:204 smb:271 d:- ref:0 ;
in:523 out:522 type:P dur:2 cpbdur:2 q:13.61 aq:6.15 tex:60989 mv:1412 misc:463 imb:1 pmb:343 smb:131 d:- ref:0 ;
in:522 out:523 type:b dur:2 cpbdur:2 q:13.55 aq:13.56 tex:6654 mv:1327 misc:419 imb:0 pmb:188 smb:287 d:- ref:0 ;
in:525 out:524 type:P dur:2 cpbdur:2 q:13.57 aq:6.08 tex:50425 mv:1306 misc:525 imb:3 pmb:294 smb:178 d:- ref:0 ;
in:524 out:525 type:b dur:2 cpbdur:2 q:13.59 aq:12.70 tex:6707 mv:1186 misc:459 imb:0 pmb:183 smb:292 d:- ref:0 ;
in:529 out:526 type:P dur:2 cpbdur:2 q:13.54 aq:7.13 tex:72555 mv:2013 misc:440 imb:6 pmb:300 smb:169 d:- ref:0 ;
in:527 out:527 type:B dur:2 cpbdur:2 q:13.56 aq:11.64 tex:15981 mv:1931 misc:424 imb:0 pmb:229 smb:246 d:- ref:0 ;
in:526 out:528 type:b dur:2 cpbdur:2 q:13.57 aq:14.06 tex:5931 mv:974 misc:415 imb:0 pmb:161 smb:314 d:- ref:0 ;
in:528 out:529 type:b dur:2 cpbdur:2 q:13.55 aq:13.48 tex:7219 mv:1291 misc:450 imb:0 pmb:188 smb:287 d:- ref:0 ;
in:532 out:530 type:P dur:2 cpbdur:2 q:13.49 aq:7.23 tex:114032 mv:3022 misc:274 imb:36 pmb:390 smb:49 d:- ref:0 ;
in:530 out:531 type:B dur:2 cpbdur:2 q:13.53 aq:12.15 tex:19274 mv:2228 misc:498 imb:3 pmb:296 smb:176 d:- ref:0 ;
in:531 out:532 type:b dur:2 cpbdur:2 q:13.51 aq:13.29 tex:16372 mv:2169 misc:515 imb:0 pmb:306 smb:169 d:- ref:0 ;
in:533 out:533 type:P dur:2 cpbdur:2 q:13.46 aq:6.11 tex:92786 mv:2579 misc:267 imb:48 pmb:400 smb:27 d:- ref:0 ;
in:534 out:534 type:P dur:2 cpbdur:2 q:13.55 aq:5.75 tex:59700 mv:1649 misc:451 imb:3 pmb:378 smb:94 d:- ref:0 ;
in:538 out:535 type:P dur:2 cpbdur:2 q:13.56 aq:6.42 tex:104227 mv:2688 misc:349 imb:31 pmb:387 smb:57 d:- ref:0 ;
in:536 out:536 type:B dur:2 cpbdur:2 q:13.56 aq:10.89 tex:26745 mv:2772 misc:467 imb:2 pmb:319 smb:154 d:- ref:0 ;
in:535 out:537 type:b dur:2 cpbdur:2 q:13.55 aq:13.02 tex:12025 mv:1636 misc:491 imb:1 pmb:268 smb:206 d:- ref:0 ;
in:537 out:538 type:b dur:2 cpbdur:2 q:13.56 aq:13.16 tex:12109 mv:1891 misc:448 imb:0 pmb:235 smb:240 d:- ref:0 ;
in:542 out:539 type:P dur:2 cpbdur:2 q:13.64 aq:6.80 tex:82774 mv:2481 misc:409 imb:24 pmb:363 smb:88 d:- ref:0 ;
in:540 out:540 type:B dur:2 cpbdur:2 q:13.60 aq:11.12 tex:23258 mv:2490 misc:508 imb:1 pmb:286 smb:188 d:- ref:0 ;
in:539 out:541 type:b dur:2 cpbdur:2 q:13.58 aq:13.15 tex:11305 mv:1630 misc:441 imb:0 pmb:197 smb:278 d:- ref:0 ;
in:541 out:542 type:b dur:2 cpbdur:2 q:13.62 aq:13.22 tex:9104 mv:1696 misc:536 imb:1 pmb:237 smb:237 d:- ref:0 ;
in:545 out:543 type:P dur:2 cpbdur:2 q:13.61 aq:7.00 tex:143489 mv:3052 misc:307 imb:44 pmb:392 smb:39 d:- ref:0 ;
in:543 out:544 type:B dur:2 cpbdur:2 q:13.63 aq:12.04 tex:27254 mv:2943 misc:483 imb:3 pmb:354 smb:118 d:- ref:0 ;
in:544 out:545 type:b dur:2 cpbdur:2 q:13.62 aq:13.32 tex:10484 mv:1788 misc:528 imb:0 pmb:278 smb:197 d:- ref:0 ;
in:549 out:546 type:P dur:2 cpbdur:2 q:13.80 aq:6.40 tex:234770 mv:3241 misc:133 imb:75 pmb:400 smb:0 d:- ref:0 ;
in:547 out:547 type:B dur:2 cpbdur:2 q:13.70 aq:11.36 tex:41076 mv:2342 misc:470 imb:2 pmb:289 smb:184 d:- ref:0 ;
in:546 out:548 type:b dur:2 cpbdur:2 q:13.66 aq:13.75 tex:14218 mv:1439 misc:503 imb:1 pmb:214 smb:260 d:- ref:0 ;
in:548 out:549 type:b dur:2 cpbdur:2 q:13.75 aq:13.02 tex:13509 mv:1462 misc:493 imb:1 pmb:225 smb:249 d:- ref:0 ;
in:550 out:550 type:P dur:2 cpbdur:2 q:13.90 aq:6.29 tex:55370 mv:1288 misc:454 imb:0 pmb:380 smb:95 d:- ref:0 ;
in:551 out:551 type:P dur:2 cpbdur:2 q:13.94 aq:6.61 tex:37300 mv:1008 misc:540 imb:1 pmb:268 smb:206 d:- ref:0 ;
in:552 out:552 type:P dur:2 cpbdur:2 q:13.96 aq:7.08 tex:34235 mv:1013 misc:536 imb:1 pmb:240 smb:234 d:- ref:0 ;
in:553 out:553 type:P dur:2 cpbdur:2 q:13.96 aq:6.98 tex:36615 mv:1040 misc:497 imb:1 pmb:252 smb:222 d:- ref:0 ;
in:555 out:554 type:P dur:2 cpbdur:2 q:13.99 aq:7.02 tex:56861 mv:1459 misc:472 imb:4 pmb:270 smb:201 d:- ref:0 ;
in:554 out:555 type:b dur:2 cpbdur:2 q:13.97 aq:14.60 tex:6834 mv:1330 misc:412 imb:1 pmb:170 smb:304 d:- ref:0 ;
in:559 out:556 type:P dur:2 cpbdur:2 q:13.94 aq:7.29 tex:89723 mv:2332 misc:393 imb:13 pmb:329 smb:133 d:- ref:0 ;
in:557 out:557 type:B dur:2 cpbdur:2 q:13.97 aq:11.37 tex:23271 mv:2299 misc:462 imb:0 pmb:254 smb:221 d:- ref:0 ;
in:556 out:558 type:b dur:2 cpbdur:2 q:13.98 aq:13.48 tex:8712 mv:1270 misc:410 imb:0 pmb:179 smb:296 d:- ref:0 ;
in:558 out:559 type:b dur:2 cpbdur:2 q:13.95 aq:14.47 tex:11228 mv:1681 misc:467 imb:0 pmb:243 smb:232 d:- ref:0 ;
in:560 out:560 type:P dur:2 cpbdur:2 q:13.88 aq:7.02 tex:49864 mv:1401 misc:415 imb:1 pmb:311 smb:163 d:- ref:0 ;
in:562 out:561 type:P dur:2 cpbdur:2 q:13.90 aq:6.94 tex:56630 mv:1780 misc:510 imb:10 pmb:293 smb:172 d:- ref:0 ;
in:561 out:562 type:b dur:2 cpbdur:2 q:13.89 aq:12.66 tex:8824 mv:1458 misc:454 imb:0 pmb:195 smb:280 d:- ref:0 ;
in:566 out:563 type:P dur:2 cpbdur:2 q:13.86 aq:6.63 tex:217598 mv:3201 misc:121 imb:63 pmb:412 smb:0 d:- ref:0 ;
in:564 out:564 type:B dur:2 cpbdur:2 q:13.88 aq:11.35 tex:35990 mv:2135 misc:443 imb:6 pmb:307 smb:162 d:- ref:0 ;
in:563 out:565 type:b dur:2 cpbdur:2 q:13.89 aq:13.02 tex:8961 mv:1225 misc:454 imb:1 pmb:162 smb:312 d:- ref:0 ;
in:565 out:566 type:b dur:2 cpbdur:2 q:13.87 aq:13.32 tex:6253 mv:1220 misc:495 imb:0 pmb:210 smb:265 d:- ref:0 ;
in:568 out:567 type:P dur:2 cpbdur:2 q:14.05 aq:6.33 tex:97685 mv:2339 misc:224 imb:8 pmb:450 smb:17 d:- ref:0 ;
in:567 out:568 type:b dur:2 cpbdur:2 q:13.96 aq:13.44 tex:10478 mv:1919 misc:499 imb:0 pmb:292 smb:183 d:- ref:0 ;
in:570 out:569 type:P dur:2 cpbdur:2 q:14.09 aq:6.42 tex:69129 mv:1729 misc:446 imb:4 pmb:372 smb:99 d:- ref:0 ;
in:569 out:570 type:b dur:2 cpbdur:2 q:14.07 aq:14.34 tex:7837 mv:1470 misc:485 imb:0 pmb:220 smb:255 d:- ref:0 ;
in:574 out:571 type:P dur:2 cpbdur:2 q:14.08 aq:6.46 tex:105933 mv:2690 misc:281 imb:12 pmb:420 smb:43 d:- ref:0 ;
in:572 out:572 type:B dur:2 cpbdur:2 q:14.09 aq:12.23 tex:19652 mv:2431 misc:461 imb:3 pmb:324 smb:148 d:- ref:0 ;
in:571 out:573 type:b dur:2 cpbdur:2 q:14.09 aq:14.23 tex:7577 mv:1213 misc:498 imb:0 pmb:228 smb:247 d:- ref:0 ;
in:573 out:574 type:b dur:2 cpbdur:2 q:14.08 aq:13.96 tex:9596 mv:1996 misc:496 imb:2 pmb:284 smb:189 d:- ref:0 ;
in:575 out:575 type:P dur:2 cpbdur:2 q:14.08 aq:6.42 tex:52570 mv:1344 misc:486 imb:7 pmb:357 smb:111 d:- ref:0 ;
in:576 out:576 type:P dur:2 cpbdur:2 q:14.10 aq:6.29 tex:46570 mv:1263 misc:519 imb:4 pmb:327 smb:144 d:- ref:0 ;
in:579 out:577 type:P dur:2 cpbdur:2 q:14.10 aq:6.38 tex:87821 mv:2022 misc:453 imb:4 pmb:341 smb:130 d:- ref:0 ;
in:577 out:578 type:B dur:2 cpbdur:2 q:14.10 aq:13.47 tex:17226 mv:1697 misc:477 imb:0 pmb:215 smb:260 d:- ref:0 ;
in:578 out:579 type:b dur:2 cpbdur:2 q:14.10 aq:13.85 tex:10495 mv:1614 misc:451 imb:1 pmb:208 smb:266 d:- ref:0 ;
in:583 out:580 type:P dur:2 cpbdur:2 q:14.08 aq:6.71 tex:121353 mv:2725 misc:298 imb:11 pmb:418 smb:46 d:- ref:0 ;
in:581 out:581 type:B dur:2 cpbdur:2 q:14.09 aq:12.10 tex:27899 mv:2760 misc:437 imb:1 pmb:340 smb:134 d:- ref:0 ;
in:580 out:582 type:b dur:2 cpbdur:2 q:14.09 aq:13.70 tex:12308 mv:1642 misc:506 imb:2 pmb:230 smb:243 d:- ref:0 ;
in:582 out:583 type:b dur:2 cpbdur:2 q:14.09 aq:14.24 tex:15427 mv:2057 misc:460 imb:2 pmb:273 smb:200 d:- ref:0 ;
in:587 out:584 type:P dur:2 cpbdur:2 q:14.14 aq:6.72 tex:113164 mv:2418 misc:394 imb:18 pmb:379 smb:78 d:- ref:0 ;
in:585 out:585 type:B dur:2 cpbdur:2 q:14.11 aq:12.29 tex:25816 mv:2768 misc:464 imb:3 pmb:299 smb:173 d:- ref:0 ;
in:584 out:586 type:b dur:2 cpbdur:2 q:14.10 aq:13.94 tex:12743 mv:1842 misc:455 imb:6 pmb:244 smb:225 d:- ref:0 ;
in:586 out:587 type:b dur:2 cpbdur:2 q:14.13 aq:14.44 tex:12779 mv:1461 misc:432 imb:0 pmb:232 smb:243 d:- ref:0 ;
in:591 out:588 type:P dur:2 cpbdur:2 q:14.15 aq:6.99 tex:119236 mv:2592 misc:284 imb:10 pmb:413 smb:52 d:- ref:0 ;
in:589 out:589 type:B dur:2 cpbdur:2 q:14.15 aq:12.04 tex:26329 mv:2766 misc:449 imb:3 pmb:347 smb:125 d:- ref:0 ;
in:588 out:590 type:b dur:2 cpbdur:2 q:14.15 aq:14.57 tex:10223 mv:1571 misc:478 imb:0 pmb:255 smb:220 d:- ref:0 ;
in:590 out:591 type:b dur:2 cpbdur:2 q:14.15 aq:14.27 tex:13456 mv:1762 misc:454 imb:0 pmb:303 smb:172 d:- ref:0 ;
in:594 out:592 type:P dur:2 cpbdur:2 q:14.19 aq:7.13 tex:92683 mv:2509 misc:296 imb:14 pmb:422 smb:39 d:- ref:0 ;
in:592 out:593 type:B dur:2 cpbdur:2 q:14.17 aq:12.96 tex:12744 mv:1953 misc:503 imb:2 pmb:299 smb:174 d:- ref:0 ;
in:593 out:594 type:b dur:2 cpbdur:2 q:14.18 aq:13.87 tex:8077 mv:1424 misc:507 imb:0 pmb:270 smb:205 d:- ref:0 ;
in:597 out:595 type:P dur:2 cpbdur:2 q:14.16 aq:6.84 tex:105282 mv:2572 misc:322 imb:12 pmb:409 smb:54 d:- ref:0 ;
in:595 out:596 type:B dur:2 cpbdur:2 q:14.18 aq:12.95 tex:15306 mv:1906 misc:516 imb:3 pmb:275 smb:197 d:- ref:0 ;
in:596 out:597 type:b dur:2 cpbdur:2 q:14.17 aq:14.05 tex:10884 mv:1672 misc:492 imb:0 pmb:246 smb:229 d:- ref:0 ;
in:600 out:598 type:P dur:2 cpbdur:2 q:14.20 aq:6.96 tex:104375 mv:2525 misc:308 imb:11 pmb:416 smb:48 d:- ref:0 ;
in:598 out:599 type:B dur:2 cpbdur:2 q:14.18 aq:12.82 tex:12876 mv:1920 misc:548 imb:2 pmb:265 smb:208 d:- ref:0 ;
in:599 out:600 type:b dur:2 cpbdur:2 q:14.19 aq:13.95 tex:12474 mv:1729 misc:493 imb:1 pmb:280 smb:194 d:- ref:0 ;
in:604 out:601 type:P dur:2 cpbdur:2 q:14.21 aq:7.27 tex:114291 mv:2654 misc:295 imb:13 pmb:406 smb:56 d:- ref:0 ;
in:602 out:602 type:B dur:2 cpbdur:2 q:14.20 aq:12.46 tex:29617 mv:2915 misc:452 imb:2 pmb:344 smb:129 d:- ref:0 ;
in:601 out:603 type:b dur:2 cpbdur:2 q:14.20 aq:14.15 tex:11150 mv:1531 misc:495 imb:0 pmb:246 smb:229 d:- ref:0 ;
in:603 out:604 type:b dur:2 cpbdur:2 q:14.21 aq:14.07 tex:15853 mv:1936 misc:459 imb:1 pmb:285 smb:189 d:- ref:0 ;
in:605 out:605 type:P dur:2 cpbdur:2 q:14.27 aq:7.40 tex:42516 mv:1329 misc:515 imb:4 pmb:322 smb:149 d:- ref:0 ;
in:606 out:606 type:P dur:2 cpbdur:2 q:14.29 aq:7.46 tex:43734 mv:1242 misc:528 imb:3 pmb:317 smb:155 d:- ref:0 ;
in:607 out:607 type:P dur:2 cpbdur:2 q:14.28 aq:7.17 tex:72725 mv:1630 misc:373 imb:14 pmb:388 smb:73 d:- ref:0 ;
in:611 out:608 type:P dur:2 cpbdur:2 q:14.29 aq:7.43 tex:130545 mv:2686 misc:241 imb:30 pmb:419 smb:26 d:- ref:0 ;
in:609 out:609 type:B dur:2 cpbdur:2 q:14.28 aq:11.89 tex:33251 mv:2706 misc:435 imb:3 pmb:333 smb:139 d:- ref:0 ;
in:608 out:610 type:b dur:2 cpbdur:2 q:14.28 aq:13.45 tex:16369 mv:1884 misc:515 imb:3 pmb:290 smb:182 d:- ref:0 ;
in:610 out:611 type:b dur:2 cpbdur:2 q:14.29 aq:14.35 tex:14189 mv:1501 misc:486 imb:0 pmb:218 smb:257 d:- ref:0 ;
in:615 out:612 type:P dur:2 cpbdur:2 q:14.37 aq:7.62 tex:130041 mv:3071 misc:184 imb:25 pmb:441 smb:9 d:- ref:0 ;
in:613 out:613 type:B dur:2 cpbdur:2 q:14.33 aq:11.92 tex:34109 mv:3155 misc:416 imb:2 pmb:389 smb:84 d:- ref:0 ;
in:612 out:614 type:b dur:2 cpbdur:2 q:14.31 aq:14.24 tex:17005 mv:2083 misc:480 imb:1 pmb:339 smb:135 d:- ref:0 ;
in:614 out:615 type:b dur:2 cpbdur:2 q:14.35 aq:15.25 tex:14522 mv:1747 misc:507 imb:0 pmb:271 smb:204 d:- ref:0 ;
in:617 out:616 type:P dur:2 cpbdur:2 q:14.41 aq:7.68 tex:88576 mv:2125 misc:387 imb:10 pmb:396 smb:69 d:- ref:0 ;
in:616 out:617 type:b dur:2 cpbdur:2 q:14.39 aq:14.28 tex:16879 mv:1991 misc:466 imb:1 pmb:260 smb:214 d:- ref:0 ;
in:618 out:618 type:P dur:2 cpbdur:2 q:14.46 aq:7.46 tex:51742 mv:1416 misc:514 imb:2 pmb:333 smb:140 d:- ref:0 ;
in:619 out:619 type:P dur:2 cpbdur:2 q:14.46 aq:7.71 tex:47025 mv:1297 misc:518 imb:5 pmb:295 smb:175 d:- ref:0 ;
in:623 out:620 type:P dur:2 cpbdur:2 q:14.49 aq:8.37 tex:92533 mv:2200 misc:395 imb:27 pmb:342 smb:106 d:- ref:0 ;
in:621 out:621 type:B dur:2 cpbdur:2 q:14.47 aq:12.67 tex:25246 mv:2366 misc:460 imb:4 pmb:296 smb:175 d:- ref:0 ;
in:620 out:622 type:b dur:2 cpbdur:2 q:14.47 aq:14.83 tex:11013 mv:1407 misc:468 imb:1 pmb:207 smb:267 d:- ref:0 ;
in:622 out:623 type:b dur:2 cpbdur:2 q:14.48 aq:15.14 tex:12655 mv:1638 misc:427 imb:0 pmb:234 smb:241 d:- ref:0 ;
in:627 out:624 type:P dur:2 cpbdur:2 q:14.50 aq:7.55 tex:217541 mv:3410 misc:129 imb:67 pmb:408 smb:0 d:- ref:0 ;
in:625 out:625 type:B dur:2 cpbdur:2 q:14.50 aq:11.83 tex:39683 mv:2834 misc:467 imb:6 pmb:326 smb:143 d:- ref:0 ;
in:624 out:626 type:b dur:2 cpbdur:2 q:14.49 aq:14.06 tex:21904 mv:1970 misc:446 imb:3 pmb:261 smb:211 d:- ref:0 ;
in:626 out:627 type:b dur:2 cpbdur:2 q:14.50 aq:14.49 tex:10720 mv:1549 misc:507 imb:0 pmb:237 smb:238 d:- ref:0 ;
in:629 out:628 type:P dur:2 cpbdur:2 q:14.64 aq:7.46 tex:72951 mv:2125 misc:340 imb:7 pmb:415 smb:53 d:- ref:0 ;
in:628 out:629 type:b dur:2 cpbdur:2 q:14.57 aq:14.83 tex:10072 mv:1742 misc:514 imb:1 pmb:236 smb:238 d:- ref:0 ;
in:633 out:630 type:P dur:2 cpbdur:2 q:14.68 aq:7.89 tex:91368 mv:2326 misc:426 imb:44 pmb:307 smb:124 d:- ref:0 ;
in:631 out:631 type:B dur:2 cpbdur:2 q:14.66 aq:12.83 tex:30265 mv:2771 misc:428 imb:7 pmb:264 smb:204 d:- ref:0 ;
in:630 out:632 type:b dur:2 cpbdur:2 q:14.65 aq:15.08 tex:12108 mv:1523 misc:417 imb:1 pmb:190 smb:284 d:- ref:0 ;
in:632 out:633 type:b dur:2 cpbdur:2 q:14.67 aq:15.11 tex:14299 mv:2194 misc:411 imb:4 pmb:221 smb:250 d:- ref:0 ;
in:634 out:634 type:P dur:2 cpbdur:2 q:14.66 aq:8.01 tex:44983 mv:1587 misc:470 imb:8 pmb:296 smb:171 d:- ref:0 ;
in:635 out:635 type:P dur:2 cpbdur:2 q:14.70 aq:8.01 tex:41082 mv:1406 misc:504 imb:8 pmb:263 smb:204 d:- ref:0 ;
in:636 out:636 type:P dur:2 cpbdur:2 q:14.71 aq:7.90 tex:39173 mv:1374 misc:477 imb:4 pmb:258 smb:213 d:- ref:0 ;
in:637 out:637 type:P dur:2 cpbdur:2 q:14.72 aq:7.92 tex:33867 mv:1254 misc:487 imb:3 pmb:257 smb:215 d:- ref:0 ;
in:638 out:638 type:P dur:2 cpbdur:2 q:14.71 aq:8.11 tex:33618 mv:1246 misc:456 imb:1 pmb:222 smb:252 d:- ref:0 ;
in:642 out:639 type:P dur:2 cpbdur:2 q:14.70 aq:7.30 tex:127231 mv:3544 misc:217 imb:72 pmb:384 smb:19 d:- ref:0 ;
in:640 out:640 type:B dur:2 cpbdur:2 q:14.71 aq:13.04 tex:28591 mv:3339 misc:470 imb:3 pmb:351 smb:121 d:- ref:0 ;
in:639 out:641 type:b dur:2 cpbdur:2 q:14.71 aq:14.41 tex:12605 mv:1894 misc:469 imb:2 pmb:238 smb:235 d:- ref:0 ;
in:641 out:642 type:b dur:2 cpbdur:2 q:14.71 aq:13.82 tex:15268 mv:3056 misc:476 imb:6 pmb:341 smb:128 d:- ref:0 ;
in:646 out:643 type:P dur:2 cpbdur:2 q:14.72 aq:7.28 tex:103735 mv:3057 misc:312 imb:27 pmb:402 smb:46 d:- ref:0 ;
in:644 out:644 type:B dur:2 cpbdur:2 q:14.71 aq:11.95 tex:26794 mv:2834 misc:452 imb:4 pmb:318 smb:153 d:- ref:0 ;
in:643 out:645 type:b dur:2 cpbdur:2 q:14.71 aq:13.87 tex:14582 mv:2237 misc:477 imb:1 pmb:293 smb:181 d:- ref:0 ;
in:645 out:646 type:b dur:2 cpbdur:2 q:14.72 aq:13.85 tex:12147 mv:1777 misc:428 imb:2 pmb:209 smb:264 d:- ref:0 ;
in:647 out:647 type:P dur:2 cpbdur:2 q:14.72 aq:7.24 tex:45958 mv:1503 misc:467 imb:6 pmb:325 smb:144 d:- ref:0 ;
in:648 out:648 type:P dur:2 cpbdur:2 q:14.73 aq:7.42 tex:46731 mv:1473 misc:492 imb:8 pmb:281 smb:186 d:- ref:0 ;
in:650 out:649 type:P dur:2 cpbdur:2 q:14.75 aq:7.40 tex:70945 mv:2176 misc:495 imb:13 pmb:312 smb:150 d:- ref:0 ;
in:649 out:650 type:b dur:2 cpbdur:2 q:14.74 aq:14.77 tex:15956 mv:2041 misc:467 imb:1 pmb:216 smb:258 d:- ref:0 ;
in:654 out:651 type:P dur:2 cpbdur:2 q:14.74 aq:7.26 tex:122799 mv:3350 misc:251 imb:47 pmb:391 smb:37 d:- ref:0 ;
in:652 out:652 type:B dur:2 cpbdur:2 q:14.75 aq:12.46 tex:33848 mv:3618 misc:454 imb:7 pmb:339 smb:129 d:- ref:0 ;
in:651 out:653 type:b dur:2 cpbdur:2 q:14.75 aq:14.43 tex:18238 mv:2656 misc:482 imb:4 pmb:278 smb:193 d:- ref:0 ;
in:653 out:654 type:b dur:2 cpbdur:2 q:14.74 aq:14.18 tex:15645 mv:2374 misc:477 imb:5 pmb:245 smb:225 d:- ref:0 ;
in:658 out:655 type:P dur:2 cpbdur:2 q:14.82 aq:7.71 tex:91438 mv:2876 misc:374 imb:23 pmb:369 smb:83 d:- ref:0 ;
in:656 out:656 type:B dur:2 cpbdur:2 q:14.78 aq:12.31 tex:26898 mv:3163 misc:467 imb:2 pmb:297 smb:176 d:- ref:0 ;
in:655 out:657 type:b dur:2 cpbdur:2 q:14.76 aq:14.79 tex:11608 mv:2089 misc:455 imb:0 pmb:234 smb:241 d:- ref:0 ;
in:657 out:658 type:b dur:2 cpbdur:2 q:14.80 aq:14.89 tex:11200 mv:1896 misc:424 imb:2 pmb:213 smb:260 d:- ref:0 ;
in:662 out:659 type:P dur:2 cpbdur:2 q:14.81 aq:7.61 tex:116877 mv:3360 misc:275 imb:52 pmb:379 smb:44 d:- ref:0 ;
in:660 out:660 type:B dur:2 cpbdur:2 q:14.81 aq:11.86 tex:36161 mv:4059 misc:428 imb:7 pmb:347 smb:121 d:- ref:0 ;
in:659 out:661 type:b dur:2 cpbdur:2 q:14.82 aq:14.25 tex:17286 mv:2678 misc:436 imb:3 pmb:281 smb:191 d:- ref:0 ;
in:661 out:662 type:b dur:2 cpbdur:2 q:14.81 aq:14.00 tex:16205 mv:2497 misc:442 imb:2 pmb:264 smb:209 d:- ref:0 ;
in:663 out:663 type:P dur:2 cpbdur:2 q:14.86 aq:7.49 tex:57427 mv:2006 misc:431 imb:10 pmb:341 smb:124 d:- ref:0 ;
in:664 out:664 type:P dur:2 cpbdur:2 q:14.89 aq:7.36 tex:51817 mv:1833 misc:502 imb:11 pmb:297 smb:167 d:- ref:0 ;
in:666 out:665 type:P dur:2 cpbdur:2 q:14.89 aq:7.47 tex:71396 mv:2313 misc:459 imb:22 pmb:293 smb:160 d:- ref:0 ;
in:665 out:666 type:b dur:2 cpbdur:2 q:14.89 aq:14.36 tex:15937 mv:2413 misc:418 imb:2 pmb:205 smb:268 d:- ref:0 ;
in:669 out:667 type:P dur:2 cpbdur:2 q:14.89 aq:6.96 tex:108761 mv:3085 misc:322 imb:23 pmb:391 smb:61 d:- ref:0 ;
in:667 out:668 type:B dur:2 cpbdur:2 q:14.89 aq:12.71 tex:18613 mv:2748 misc:479 imb:3 pmb:246 smb:226 d:- ref:0 ;
in:668 out:669 type:b dur:2 cpbdur:2 q:14.89 aq:13.95 tex:13795 mv:2623 misc:462 imb:3 pmb:285 smb:187 d:- ref:0 ;
in:673 out:670 type:P dur:2 cpbdur:2 q:14.92 aq:7.19 tex:86750 mv:2487 misc:419 imb:19 pmb:352 smb:104 d:- ref:0 ;
in:671 out:671 type:B dur:2 cpbdur:2 q:14.91 aq:11.96 tex:20264 mv:2607 misc:473 imb:6 pmb:264 smb:205 d:- ref:0 ;
in:670 out:672 type:b dur:2 cpbdur:2 q:14.90 aq:14.24 tex:9921 mv:1763 misc:452 imb:3 pmb:202 smb:270 d:- ref:0 ;
in:672 out:673 type:b dur:2 cpbdur:2 q:14.91 aq:14.06 tex:8445 mv:1357 misc:406 imb:0 pmb:178 smb:297 d:- ref:0 ;
in:676 out:674 type:P dur:2 cpbdur:2 q:14.95 aq:13.78 tex:23787 mv:1938 misc:483 imb:9 pmb:298 smb:168 d:- ref:0 ;
in:674 out:675 type:B dur:2 cpbdur:2 q:14.93 aq:14.79 tex:8652 mv:1318 misc:454 imb:0 pmb:194 smb:281 d:- ref:0 ;
in:675 out:676 type:b dur:2 cpbdur:2 q:14.94 aq:14.60 tex:6988 mv:1210 misc:514 imb:1 pmb:226 smb:248 d:- ref:0 ;
in:677 out:677 type:I dur:2 cpbdur:2 q:11.88 aq:5.03 tex:265896 mv:18663 misc:401 imb:475 pmb:0 smb:0 d:- ref:;
in:679 out:678 type:P dur:2 cpbdur:2 q:15.06 aq:7.78 tex:36817 mv:1855 misc:480 imb:14 pmb:327 smb:134 d:- ref:0 ;
in:678 out:679 type:b dur:2 cpbdur:2 q:15.06 aq:13.87 tex:5257 mv:1145 misc:534 imb:2 pmb:225 smb:248 d:- ref:0 ;
in:682 out:680 type:P dur:2 cpbdur:2 q:15.03 aq:8.79 tex:45118 mv:1941 misc:477 imb:8 pmb:313 smb:154 d:- ref:0 ;
in:680 out:681 type:B dur:2 cpbdur:2 q:15.05 aq:12.89 tex:8037 mv:1313 misc:514 imb:0 pmb:211 smb:264 d:- ref:0 ;
in:681 out:682 type:b dur:2 cpbdur:2 q:15.04 aq:14.36 tex:6641 mv:1146 misc:461 imb:1 pmb:183 smb:291 d:- ref:0 ;
in:683 out:683 type:P dur:2 cpbdur:2 q:15.00 aq:8.71 tex:27297 mv:1101 misc:522 imb:0 pmb:228 smb:247 d:- ref:0 ;
in:684 out:684 type:P dur:2 cpbdur:2 q:15.00 aq:7.75 tex:176367 mv:2710 misc:131 imb:56 pmb:419 smb:0 d:- ref:0 ;
in:685 out:685 type:P dur:2 cpbdur:2 q:15.01 aq:7.55 tex:40382 mv:1374 misc:460 imb:0 pmb:376 smb:99 d:- ref:0 ;
in:689 out:686 type:P dur:2 cpbdur:2 q:14.99 aq:8.15 tex:77521 mv:2690 misc:397 imb:20 pmb:365 smb:90 d:- ref:0 ;
in:687 out:687 type:B dur:2 cpbdur:2 q:15.00 aq:12.33 tex:20544 mv:2775 misc:457 imb:3 pmb:267 smb:205 d:- ref:0 ;
in:686 out:688 type:b dur:2 cpbdur:2 q:15.01 aq:14.63 tex:9612 mv:1740 misc:464 imb:1 pmb:208 smb:266 d:- ref:0 ;
in:688 out:689 type:b dur:2 cpbdur:2 q:15.00 aq:15.10 tex:9559 mv:1740 misc:437 imb:0 pmb:180 smb:295 d:- ref:0 ;
in:693 out:690 type:P dur:2 cpbdur:2 q:15.13 aq:8.19 tex:162858 mv:2912 misc:134 imb:63 pmb:412 smb:0 d:- ref:0 ;
in:691 out:691 type:B dur:2 cpbdur:2 q:15.06 aq:13.26 tex:17458 mv:1644 misc:322 imb:7 pmb:149 smb:319 d:- ref:0 ;
in:690 out:692 type:b dur:2 cpbdur:2 q:15.03 aq:14.27 tex:7366 mv:1216 misc:354 imb:3 pmb:113 smb:359 d:- ref:0 ;
in:692 out:693 type:b dur:2 cpbdur:2 q:15.09 aq:15.06 tex:14916 mv:1610 misc:386 imb:4 pmb:164 smb:307 d:- ref:0 ;
in:694 out:694 type:P dur:2 cpbdur:2 q:15.20 aq:7.95 tex:40706 mv:1572 misc:514 imb:13 pmb:332 smb:130 d:- ref:0 ;
in:696 out:695 type:P dur:2 cpbdur:2 q:15.21 aq:8.33 tex:64279 mv:2434 misc:487 imb:11 pmb:342 smb:122 d:- ref:0 ;
in:695 out:696 type:b dur:2 cpbdur:2 q:15.21 aq:14.50 tex:14663 mv:2349 misc:460 imb:4 pmb:223 smb:248 d:- ref:0 ;
in:697 out:697 type:P dur:2 cpbdur:2 q:15.20 aq:7.80 tex:68660 mv:2343 misc:381 imb:18 pmb:388 smb:69 d:- ref:0 ;
in:699 out:698 type:P dur:2 cpbdur:2 q:15.22 aq:7.76 tex:92950 mv:2587 misc:311 imb:14 pmb:420 smb:41 d:- ref:0 ;
in:698 out:699 type:b dur:2 cpbdur:2 q:15.21 aq:14.77 tex:14425 mv:2487 misc:472 imb:0 pmb:288 smb:187 d:- ref:0 ;
in:700 out:700 type:P dur:2 cpbdur:2 q:15.22 aq:7.73 tex:43020 mv:1458 misc:490 imb:7 pmb:327 smb:141 d:- ref:0 ;
in:701 out:701 type:P dur:2 cpbdur:2 q:15.22 aq:8.23 tex:39065 mv:1358 misc:513 imb:3 pmb:276 smb:196 d:- ref:0 ;
in:705 out:702 type:P dur:2 cpbdur:2 q:15.26 aq:8.79 tex:77811 mv:2494 misc:423 imb:11 pmb:335 smb:129 d:- ref:0 ;
in:703 out:703 type:B dur:2 cpbdur:2 q:15.24 aq:13.03 tex:22080 mv:2711 misc:457 imb:1 pmb:267 smb:207 d:- ref:0 ;
in:702 out:704 type:b dur:2 cpbdur:2 q:15.23 aq:15.09 tex:10558 mv:1725 misc:445 imb:0 pmb:218 smb:257 d:- ref:0 ;
in:704 out:705 type:b dur:2 cpbdur:2 q:15.25 aq:14.84 tex:10121 mv:1710 misc:425 imb:0 pmb:194 smb:281 d:- ref:0 ;
in:707 out:706 type:P dur:2 cpbdur:2 q:15.25 aq:9.10 tex:49929 mv:1778 misc:485 imb:24 pmb:255 smb:196 d:- ref:0 ;
in:706 out:707 type:b dur:2 cpbdur:2 q:15.26 aq:14.72 tex:11371 mv:1695 misc:406 imb:2 pmb:180 smb:293 d:- ref:0 ;
in:711 out:708 type:P dur:2 cpbdur:2 q:15.22 aq:9.07 tex:83895 mv:3201 misc:272 imb:38 pmb:404 smb:33 d:- ref:0 ;
in:709 out:709 type:B dur:2 cpbdur:2 q:15.23 aq:12.49 tex:25198 mv:3349 misc:461 imb:5 pmb:324 smb:146 d:- ref:0 ;
in:708 out:710 type:b dur:2 cpbdur:2 q:15.24 aq:14.40 tex:11241 mv:1846 misc:441 imb:0 pmb:230 smb:245 d:- ref:0 ;
in:710 out:711 type:b dur:2 cpbdur:2 q:15.23 aq:14.17 tex:10886 mv:2537 misc:497 imb:4 pmb:290 smb:181 d:- ref:0 ;
in:712 out:712 type:P dur:2 cpbdur:2 q:15.21 aq:8.92 tex:36426 mv:1691 misc:491 imb:10 pmb:298 smb:167 d:- ref:0 ;
in:714 out:713 type:P dur:2 cpbdur:2 q:15.22 aq:9.31 tex:54024 mv:2033 misc:487 imb:21 pmb:277 smb:177 d:- ref:0 ;
in:713 out:714 type:b dur:2 cpbdur:2 q:15.21 aq:14.66 tex:13067 mv:1911 misc:398 imb:1 pmb:196 smb:278 d:- ref:0 ;
in:715 out:715 type:P dur:2 cpbdur:2 q:15.19 aq:9.80 tex:32238 mv:1460 misc:494 imb:6 pmb:240 smb:229 d:- ref:0 ;
in:717 out:716 type:P dur:2 cpbdur:2 q:15.19 aq:9.84 tex:46067 mv:1944 misc:437 imb:10 pmb:275 smb:190 d:- ref:0 ;
in:716 out:717 type:b dur:2 cpbdur:2 q:15.19 aq:15.06 tex:10085 mv:1858 misc:441 imb:0 pmb:210 smb:265 d:- ref:0 ;
in:719 out:718 type:P dur:2 cpbdur:2 q:15.18 aq:10.76 tex:30845 mv:1479 misc:420 imb:2 pmb:207 smb:266 d:- ref:0 ;
in:718 out:719 type:b dur:2 cpbdur:2 q:15.18 aq:15.07 tex:6745 mv:1397 misc:370 imb:0 pmb:161 smb:314 d:- ref:0 ;
in:721 out:720 type:P dur:2 cpbdur:2 q:15.14 aq:12.42 tex:22193 mv:1491 misc:476 imb:16 pmb:208 smb:251 d:- ref:0 ;
in:720 out:721 type:b dur:2 cpbdur:2 q:15.16 aq:13.94 tex:7715 mv:1474 misc:419 imb:1 pmb:195 smb:279 d:- ref:0 ;
in:722 out:722 type:I dur:2 cpbdur:2 q:12.23 aq:4.79 tex:179862 mv:17446 misc:396 imb:475 pmb:0 smb:0 d:- ref:;
in:726 out:723 type:P dur:2 cpbdur:2 q:15.30 aq:7.88 tex:73596 mv:3331 misc:185 imb:30 pmb:430 smb:15 d:- ref:0 ;
in:724 out:724 type:B dur:2 cpbdur:2 q:15.30 aq:12.43 tex:14946 mv:2731 misc:403 imb:4 pmb:382 smb:89 d:- ref:0 ;
in:723 out:725 type:b dur:2 cpbdur:2 q:15.30 aq:14.07 tex:6784 mv:1947 misc:501 imb:2 pmb:335 smb:138 d:- ref:0 ;
in:725 out:726 type:b dur:2 cpbdur:2 q:15.30 aq:14.26 tex:6536 mv:1583 misc:529 imb:2 pmb:243 smb:230 d:- ref:0 ;
in:728 out:727 type:P dur:2 cpbdur:2 q:15.21 aq:7.75 tex:49125 mv:1999 misc:500 imb:14 pmb:339 smb:122 d:- ref:0 ;
in:727 out:728 type:b dur:2 cpbdur:2 q:15.26 aq:14.57 tex:7152 mv:1438 misc:506 imb:0 pmb:237 smb:238 d:- ref:0 ;
in:731 out:729 type:P dur:2 cpbdur:2 q:15.18 aq:8.07 tex:71517 mv:2607 misc:380 imb:20 pmb:380 smb:75 d:- ref:0 ;
in:729 out:730 type:B dur:2 cpbdur:2 q:15.20 aq:13.46 tex:11587 mv:2129 misc:524 imb:3 pmb:278 smb:194 d:- ref:0 ;
in:730 out:731 type:b dur:2 cpbdur:2 q:15.19 aq:14.75 tex:7520 mv:1429 misc:547 imb:1 pmb:258 smb:216 d:- ref:0 ;
in:734 out:732 type:P dur:2 cpbdur:2 q:15.14 aq:8.25 tex:63373 mv:2443 misc:408 imb:16 pmb:367 smb:92 d:- ref:0 ;
in:732 out:733 type:B dur:2 cpbdur:2 q:15.17 aq:13.09 tex:10017 mv:1656 misc:511 imb:5 pmb:241 smb:229 d:- ref:0 ;
in:733 out:734 type:b dur:2 cpbdur:2 q:15.15 aq:14.48 tex:7798 mv:1500 misc:502 imb:0 pmb:249 smb:226 d:- ref:0 ;
in:735 out:735 type:P dur:2 cpbdur:2 q:15.12 aq:8.47 tex:35318 mv:1485 misc:549 imb:5 pmb:303 smb:167 d:- ref:0 ;
in:738 out:736 type:P dur:2 cpbdur:2 q:15.13 aq:8.78 tex:66234 mv:2601 misc:357 imb:17 pmb:390 smb:68 d:- ref:0 ;
in:736 out:737 type:B dur:2 cpbdur:2 q:15.12 aq:13.61 tex:11111 mv:1976 misc:529 imb:1 pmb:260 smb:214 d:- ref:0 ;
in:737 out:738 type:b dur:2 cpbdur:2 q:15.13 aq:14.96 tex:7970 mv:1672 misc:534 imb:2 pmb:264 smb:209 d:- ref:0 ;
in:741 out:739 type:P dur:2 cpbdur:2 q:15.09 aq:8.82 tex:66613 mv:2510 misc:373 imb:29 pmb:372 smb:74 d:- ref:0 ;
in:739 out:740 type:B dur:2 cpbdur:2 q:15.12 aq:13.24 tex:11171 mv:2106 misc:547 imb:5 pmb:279 smb:191 d:- ref:0 ;
in:740 out:741 type:b dur:2 cpbdur:2 q:15.11 aq:14.04 tex:8751 mv:1751 misc:498 imb:2 pmb:267 smb:206 d:- ref:0 ;
in:745 out:742 type:P dur:2 cpbdur:2 q:15.06 aq:10.04 tex:61020 mv:2720 misc:388 imb:24 pmb:353 smb:98 d:- ref:0 ;
in:743 out:743 type:B dur:2 cpbdur:2 q:15.08 aq:12.17 tex:20839 mv:2920 misc:417 imb:4 pmb:340 smb:131 d:- ref:0 ;
in:742 out:744 type:b dur:2 cpbdur:2 q:15.08 aq:14.27 tex:7525 mv:1567 misc:452 imb:0 pmb:238 smb:237 d:- ref:0 ;
in:744 out:745 type:b dur:2 cpbdur:2 q:15.07 aq:14.61 tex:9546 mv:1662 misc:448 imb:0 pmb:264 smb:211 d:- ref:0 ;
in:748 out:746 type:P dur:2 cpbdur:2 q:15.03 aq:12.30 tex:41820 mv:2362 misc:426 imb:21 pmb:325 smb:129 d:- ref:0 ;
in:746 out:747 type:B dur:2 cpbdur:2 q:15.05 aq:13.76 tex:13937 mv:1930 misc:501 imb:3 pmb:272 smb:200 d:- ref:0 ;
in:747 out:748 type:b dur:2 cpbdur:2 q:15.04 aq:14.60 tex:8622 mv:1549 misc:493 imb:0 pmb:249 smb:226 d:- ref:0 ;
in:749 out:749 type:P dur:2 cpbdur:2 q:14.97 aq:14.36 tex:13312 mv:1246 misc:514 imb:5 pmb:225 smb:245 d:- ref:0 ;
